{"numFailedTestSuites":1,"numFailedTests":0,"numPassedTestSuites":20,"numPassedTests":113,"numPendingTestSuites":0,"numPendingTests":0,"numRuntimeErrorTestSuites":1,"numTodoTests":0,"numTotalTestSuites":21,"numTotalTests":113,"openHandles":[],"snapshot":{"added":0,"didUpdate":false,"failure":false,"filesAdded":0,"filesRemoved":0,"filesRemovedList":[],"filesUnmatched":0,"filesUpdated":0,"matched":0,"total":0,"unchecked":0,"uncheckedKeysByFile":[],"unmatched":0,"updated":0},"startTime":1784878604236,"success":false,"testResults":[{"assertionResults":[{"ancestorTitles":["ActionsController (integration)"],"duration":54,"failing":false,"failureDetails":[],"failureMessages":[],"fullName":"ActionsController (integration) GET /agent/actions/decision-rules/side-effect-params/rules/meta returns dropdown dictionary","invocations":1,"location":null,"numPassingAsserts":4,"retryReasons":[],"startAt":1784878607434,"status":"passed","title":"GET /agent/actions/decision-rules/side-effect-params/rules/meta returns dropdown dictionary"},{"ancestorTitles":["ActionsController (integration)"],"duration":6,"failing":false,"failureDetails":[],"failureMessages":[],"fullName":"ActionsController (integration) GET /agent/actions/decision-rules/side-effect-params/rules/schema returns json schema","invocations":1,"location":null,"numPassingAsserts":2,"retryReasons":[],"startAt":1784878607489,"status":"passed","title":"GET /agent/actions/decision-rules/side-effect-params/rules/schema returns json schema"},{"ancestorTitles":["ActionsController (integration)"],"duration":4,"failing":false,"failureDetails":[],"failureMessages":[],"fullName":"ActionsController (integration) GET /agent/actions/decision-rules/side-effect-params/rules/schema validates action-handler pair","invocations":1,"location":null,"numPassingAsserts":2,"retryReasons":[],"startAt":1784878607495,"status":"passed","title":"GET /agent/actions/decision-rules/side-effect-params/rules/schema validates action-handler pair"},{"ancestorTitles":["ActionsController (integration)"],"duration":17,"failing":false,"failureDetails":[],"failureMessages":[],"fullName":"ActionsController (integration) POST /agent/actions/decision-rules/side-effect-params/rules returns structured validation error","invocations":1,"location":null,"numPassingAsserts":3,"retryReasons":[],"startAt":1784878607499,"status":"passed","title":"POST /agent/actions/decision-rules/side-effect-params/rules returns structured validation error"},{"ancestorTitles":["ActionsController (integration)"],"duration":5,"failing":false,"failureDetails":[],"failureMessages":[],"fullName":"ActionsController (integration) GET /agent/actions/registry returns action catalog","invocations":1,"location":null,"numPassingAsserts":3,"retryReasons":[],"startAt":1784878607516,"status":"passed","title":"GET /agent/actions/registry returns action catalog"},{"ancestorTitles":["ActionsController (integration)"],"duration":4,"failing":false,"failureDetails":[],"failureMessages":[],"fullName":"ActionsController (integration) POST /agent/actions/mapping/simulate returns mapping result","invocations":1,"location":null,"numPassingAsserts":2,"retryReasons":[],"startAt":1784878607521,"status":"passed","title":"POST /agent/actions/mapping/simulate returns mapping result"},{"ancestorTitles":["ActionsController (integration)"],"duration":10,"failing":false,"failureDetails":[],"failureMessages":[],"fullName":"ActionsController (integration) compensation policies CRUD endpoints work","invocations":1,"location":null,"numPassingAsserts":3,"retryReasons":[],"startAt":1784878607525,"status":"passed","title":"compensation policies CRUD endpoints work"},{"ancestorTitles":["ActionsController (integration)"],"duration":9,"failing":false,"failureDetails":[],"failureMessages":[],"fullName":"ActionsController (integration) compensation policy upsert is idempotent by business pair","invocations":1,"location":null,"numPassingAsserts":4,"retryReasons":[],"startAt":1784878607535,"status":"passed","title":"compensation policy upsert is idempotent by business pair"},{"ancestorTitles":["ActionsController (integration)"],"duration":7,"failing":false,"failureDetails":[],"failureMessages":[],"fullName":"ActionsController (integration) compensation policy list supports sideEffectType filter","invocations":1,"location":null,"numPassingAsserts":1,"retryReasons":[],"startAt":1784878607544,"status":"passed","title":"compensation policy list supports sideEffectType filter"},{"ancestorTitles":["ActionsController (integration)"],"duration":6,"failing":false,"failureDetails":[],"failureMessages":[],"fullName":"ActionsController (integration) compensation policy accepts legacy compensationActionType","invocations":1,"location":null,"numPassingAsserts":6,"retryReasons":[],"startAt":1784878607551,"status":"passed","title":"compensation policy accepts legacy compensationActionType"},{"ancestorTitles":["ActionsController (integration)"],"duration":4,"failing":false,"failureDetails":[],"failureMessages":[],"fullName":"ActionsController (integration) compensation policy rejects invalid sideEffectType-compensationActionType pair","invocations":1,"location":null,"numPassingAsserts":3,"retryReasons":[],"startAt":1784878607557,"status":"passed","title":"compensation policy rejects invalid sideEffectType-compensationActionType pair"},{"ancestorTitles":["ActionsController (integration)"],"duration":7,"failing":false,"failureDetails":[],"failureMessages":[],"fullName":"ActionsController (integration) evidence requirements CRUD endpoints work","invocations":1,"location":null,"numPassingAsserts":3,"retryReasons":[],"startAt":1784878607561,"status":"passed","title":"evidence requirements CRUD endpoints work"},{"ancestorTitles":["ActionsController (integration)"],"duration":2,"failing":false,"failureDetails":[],"failureMessages":[],"fullName":"ActionsController (integration) evidence requirement accepts legacy business actionType","invocations":1,"location":null,"numPassingAsserts":2,"retryReasons":[],"startAt":1784878607569,"status":"passed","title":"evidence requirement accepts legacy business actionType"},{"ancestorTitles":["ActionsController (integration)"],"duration":7,"failing":false,"failureDetails":[],"failureMessages":[],"fullName":"ActionsController (integration) retry policies CRUD endpoints work","invocations":1,"location":null,"numPassingAsserts":3,"retryReasons":[],"startAt":1784878607572,"status":"passed","title":"retry policies CRUD endpoints work"},{"ancestorTitles":["ActionsController (integration)"],"duration":3,"failing":false,"failureDetails":[],"failureMessages":[],"fullName":"ActionsController (integration) retry policy rejects invalid retryStrategy","invocations":1,"location":null,"numPassingAsserts":3,"retryReasons":[],"startAt":1784878607579,"status":"passed","title":"retry policy rejects invalid retryStrategy"},{"ancestorTitles":["ActionsController (integration)"],"duration":10,"failing":false,"failureDetails":[],"failureMessages":[],"fullName":"ActionsController (integration) manual review queue patch and resolve endpoints work","invocations":1,"location":null,"numPassingAsserts":4,"retryReasons":[],"startAt":1784878607582,"status":"passed","title":"manual review queue patch and resolve endpoints work"},{"ancestorTitles":["ActionsController (integration)"],"duration":3,"failing":false,"failureDetails":[],"failureMessages":[],"fullName":"ActionsController (integration) POST /agent/actions/commit returns service response","invocations":1,"location":null,"numPassingAsserts":3,"retryReasons":[],"startAt":1784878607593,"status":"passed","title":"POST /agent/actions/commit returns service response"},{"ancestorTitles":["ActionsController (integration)"],"duration":3,"failing":false,"failureDetails":[],"failureMessages":[],"fullName":"ActionsController (integration) POST /agent/actions/commit preserves evidence requirement context payload","invocations":1,"location":null,"numPassingAsserts":4,"retryReasons":[],"startAt":1784878607596,"status":"passed","title":"POST /agent/actions/commit preserves evidence requirement context payload"},{"ancestorTitles":["ActionsController (integration)"],"duration":5,"failing":false,"failureDetails":[],"failureMessages":[],"fullName":"ActionsController (integration) GET /agent/actions/holds returns active holds with remaining_ms","invocations":1,"location":null,"numPassingAsserts":5,"retryReasons":[],"startAt":1784878607599,"status":"passed","title":"GET /agent/actions/holds returns active holds with remaining_ms"},{"ancestorTitles":["ActionsController (integration)"],"duration":3,"failing":false,"failureDetails":[],"failureMessages":[],"fullName":"ActionsController (integration) POST /agent/actions/holds/expire deletes a hold","invocations":1,"location":null,"numPassingAsserts":4,"retryReasons":[],"startAt":1784878607604,"status":"passed","title":"POST /agent/actions/holds/expire deletes a hold"},{"ancestorTitles":["ActionsController (integration)"],"duration":3,"failing":false,"failureDetails":[],"failureMessages":[],"fullName":"ActionsController (integration) POST /agent/actions/holds/refresh-preview calls preview and returns comparison","invocations":1,"location":null,"numPassingAsserts":6,"retryReasons":[],"startAt":1784878607607,"status":"passed","title":"POST /agent/actions/holds/refresh-preview calls preview and returns comparison"},{"ancestorTitles":["ActionsController (integration)"],"duration":4,"failing":false,"failureDetails":[],"failureMessages":[],"fullName":"ActionsController (integration) POST /agent/actions/graph/compile returns staged execution plan","invocations":1,"location":null,"numPassingAsserts":4,"retryReasons":[],"startAt":1784878607610,"status":"passed","title":"POST /agent/actions/graph/compile returns staged execution plan"},{"ancestorTitles":["ActionsController (integration)"],"duration":3,"failing":false,"failureDetails":[],"failureMessages":[],"fullName":"ActionsController (integration) POST /agent/actions/graph/compile rejects unsupported actionType with structured error","invocations":1,"location":null,"numPassingAsserts":3,"retryReasons":[],"startAt":1784878607614,"status":"passed","title":"POST /agent/actions/graph/compile rejects unsupported actionType with structured error"}],"endTime":1784878607620,"message":"","name":"/tmp/claim-matrix-a7e9bdca5/src/agent/actions.controller.integration.spec.ts","startTime":1784878604656,"status":"passed","summary":""},{"assertionResults":[{"ancestorTitles":["GateEvalExecutorService"],"duration":14,"failing":false,"failureDetails":[],"failureMessages":[],"fullName":"GateEvalExecutorService should be defined","invocations":1,"location":null,"numPassingAsserts":1,"retryReasons":[],"startAt":1784878623164,"status":"passed","title":"should be defined"},{"ancestorTitles":["GateEvalExecutorService"],"duration":4,"failing":false,"failureDetails":[],"failureMessages":[],"fullName":"GateEvalExecutorService 无 tripPlanRequest 时应返回默认 ALLOW","invocations":1,"location":null,"numPassingAsserts":2,"retryReasons":[],"startAt":1784878623179,"status":"passed","title":"无 tripPlanRequest 时应返回默认 ALLOW"},{"ancestorTitles":["GateEvalExecutorService"],"duration":4,"failing":false,"failureDetails":[],"failureMessages":[],"fullName":"GateEvalExecutorService researchData 含高风险预测且 routeDirectionId 时应添加 BLOCK","invocations":1,"location":null,"numPassingAsserts":5,"retryReasons":[],"startAt":1784878623184,"status":"passed","title":"researchData 含高风险预测且 routeDirectionId 时应添加 BLOCK"},{"ancestorTitles":["GateEvalExecutorService"],"duration":3,"failing":false,"failureDetails":[],"failureMessages":[],"fullName":"GateEvalExecutorService 无 gatekeeperAgent 且无 blocker 时应返回默认 ALLOW","invocations":1,"location":null,"numPassingAsserts":1,"retryReasons":[],"startAt":1784878623189,"status":"passed","title":"无 gatekeeperAgent 且无 blocker 时应返回默认 ALLOW"},{"ancestorTitles":["GateEvalExecutorService"],"duration":5,"failing":false,"failureDetails":[],"failureMessages":[],"fullName":"GateEvalExecutorService gatekeeper 返回 BLOCK 时应附带 TD-03 可读 alternatives","invocations":1,"location":null,"numPassingAsserts":3,"retryReasons":[],"startAt":1784878623192,"status":"passed","title":"gatekeeper 返回 BLOCK 时应附带 TD-03 可读 alternatives"},{"ancestorTitles":["GateEvalExecutorService — readiness gate branches"],"duration":3,"failing":false,"failureDetails":[],"failureMessages":[],"fullName":"GateEvalExecutorService — readiness gate branches 准备度 blocker 且无 UserDecisionService 时应 BLOCK（无 itinerary 前置语义）","invocations":1,"location":null,"numPassingAsserts":4,"retryReasons":[],"startAt":1784878623198,"status":"passed","title":"准备度 blocker 且无 UserDecisionService 时应 BLOCK（无 itinerary 前置语义）"},{"ancestorTitles":["GateEvalExecutorService — readiness gate branches"],"duration":3,"failing":false,"failureDetails":[],"failureMessages":[],"fullName":"GateEvalExecutorService — readiness gate branches 准备度 blocker 含 userDecision.questions 时应 NEED_USER_CONFIRM","invocations":1,"location":null,"numPassingAsserts":3,"retryReasons":[],"startAt":1784878623201,"status":"passed","title":"准备度 blocker 含 userDecision.questions 时应 NEED_USER_CONFIRM"},{"ancestorTitles":["GateEvalExecutorService — readiness gate branches"],"duration":7,"failing":false,"failureDetails":[],"failureMessages":[],"fullName":"GateEvalExecutorService — readiness gate branches 准备度 blocker 含 userDecision.questions 为空数组时应 BLOCK（不升级为 NEED_USER_CONFIRM）","invocations":1,"location":null,"numPassingAsserts":4,"retryReasons":[],"startAt":1784878623204,"status":"passed","title":"准备度 blocker 含 userDecision.questions 为空数组时应 BLOCK（不升级为 NEED_USER_CONFIRM）"},{"ancestorTitles":["GateEvalExecutorService — conflict matrix from DB"],"duration":3,"failing":false,"failureDetails":[],"failureMessages":[],"fullName":"GateEvalExecutorService — conflict matrix from DB loads CONFLICT_MATRIX rule from DB and blocks on match","invocations":1,"location":null,"numPassingAsserts":2,"retryReasons":[],"startAt":1784878623211,"status":"passed","title":"loads CONFLICT_MATRIX rule from DB and blocks on match"},{"ancestorTitles":["GateEvalExecutorService — vehicle party constraints"],"duration":2,"failing":false,"failureDetails":[],"failureMessages":[],"fullName":"GateEvalExecutorService — vehicle party constraints 长辈 + 多行李 + 紧凑型租车应 HARD 拒绝","invocations":1,"location":null,"numPassingAsserts":2,"retryReasons":[],"startAt":1784878623215,"status":"passed","title":"长辈 + 多行李 + 紧凑型租车应 HARD 拒绝"},{"ancestorTitles":["GateEvalExecutorService — vehicle party constraints"],"duration":3,"failing":false,"failureDetails":[],"failureMessages":[],"fullName":"GateEvalExecutorService — vehicle party constraints 无空间压力时不应触发 VEHICLE_SPACE_INSUFFICIENT","invocations":1,"location":null,"numPassingAsserts":1,"retryReasons":[],"startAt":1784878623217,"status":"passed","title":"无空间压力时不应触发 VEHICLE_SPACE_INSUFFICIENT"},{"ancestorTitles":["GateEvalExecutorService — vehicle party constraints","Phase 6 formal BLOCK delegation"],"duration":2,"failing":false,"failureDetails":[],"failureMessages":[],"fullName":"GateEvalExecutorService — vehicle party constraints Phase 6 formal BLOCK delegation CAS-094: readiness failure risk BLOCK softens to ADJUST_REQUIRED when Phase 6 on","invocations":1,"location":null,"numPassingAsserts":2,"retryReasons":[],"startAt":1784878623220,"status":"passed","title":"CAS-094: readiness failure risk BLOCK softens to ADJUST_REQUIRED when Phase 6 on"}],"endTime":1784878623223,"message":"","name":"/tmp/claim-matrix-a7e9bdca5/src/agent/execution/gate-eval-executor.service.spec.ts","startTime":1784878607627,"status":"passed","summary":""},{"assertionResults":[{"ancestorTitles":["tep-repair-intervention.util"],"duration":2,"failing":false,"failureDetails":[],"failureMessages":[],"fullName":"tep-repair-intervention.util parses intervention-tep- prefix","invocations":1,"location":null,"numPassingAsserts":2,"retryReasons":[],"startAt":1784878624961,"status":"passed","title":"parses intervention-tep- prefix"},{"ancestorTitles":["tep-repair-intervention.util"],"duration":0,"failing":false,"failureDetails":[],"failureMessages":[],"fullName":"tep-repair-intervention.util resolves activity ref to item id","invocations":1,"location":null,"numPassingAsserts":2,"retryReasons":[],"startAt":1784878624964,"status":"passed","title":"resolves activity ref to item id"},{"ancestorTitles":["TepLocalRepairApplyService"],"duration":6,"failing":false,"failureDetails":[],"failureMessages":[],"fullName":"TepLocalRepairApplyService applies REMOVE recovery option and creates effective PlanVersion","invocations":1,"location":null,"numPassingAsserts":10,"retryReasons":[],"startAt":1784878624965,"status":"passed","title":"applies REMOVE recovery option and creates effective PlanVersion"},{"ancestorTitles":["TepLocalRepairApplyService"],"duration":1,"failing":false,"failureDetails":[],"failureMessages":[],"fullName":"TepLocalRepairApplyService replays idempotent apply for same option","invocations":1,"location":null,"numPassingAsserts":3,"retryReasons":[],"startAt":1784878624971,"status":"passed","title":"replays idempotent apply for same option"},{"ancestorTitles":["TepLocalRepairApplyService"],"duration":7,"failing":false,"failureDetails":[],"failureMessages":[],"fullName":"TepLocalRepairApplyService coalesces concurrent apply for same option","invocations":1,"location":null,"numPassingAsserts":2,"retryReasons":[],"startAt":1784878624972,"status":"passed","title":"coalesces concurrent apply for same option"},{"ancestorTitles":["TepLocalRepairApplyService"],"duration":1,"failing":false,"failureDetails":[],"failureMessages":[],"fullName":"TepLocalRepairApplyService rejects stale basePlanVersionId","invocations":1,"location":null,"numPassingAsserts":1,"retryReasons":[],"startAt":1784878624979,"status":"passed","title":"rejects stale basePlanVersionId"},{"ancestorTitles":["TepLocalRepairApplyService"],"duration":17,"failing":false,"failureDetails":[],"failureMessages":[],"fullName":"TepLocalRepairApplyService rejects REPLACE without precomputed replacementPoiId","invocations":1,"location":null,"numPassingAsserts":1,"retryReasons":[],"startAt":1784878624980,"status":"passed","title":"rejects REPLACE without precomputed replacementPoiId"},{"ancestorTitles":["TepLocalRepairApplyService"],"duration":2,"failing":false,"failureDetails":[],"failureMessages":[],"fullName":"TepLocalRepairApplyService applies REPLACE recovery option with substitute POI","invocations":1,"location":null,"numPassingAsserts":4,"retryReasons":[],"startAt":1784878624997,"status":"passed","title":"applies REPLACE recovery option with substitute POI"}],"endTime":1784878625000,"message":"","name":"/tmp/claim-matrix-a7e9bdca5/src/trips/tep/services/tep-local-repair-apply.service.spec.ts","startTime":1784878623269,"status":"passed","summary":""},{"assertionResults":[],"coverage":{},"endTime":1784878642617,"message":"  ● Test suite failed to run\n\n    Cannot find module '../../trips/iceland-self-drive/utils/iceland-memory-shell-trip-id.util' from 'src/agent/utils/route-and-run-trip-id-merge.util.ts'\n\n    Require stack:\n      src/agent/utils/route-and-run-trip-id-merge.util.ts\n      src/agent/services/execution-gateway.route-and-run.orchestration.ts\n      src/agent/services/agent.service.ts\n      src/agent/agent.controller.ts\n      src/agent/agent.controller.ao-p0.contract.spec.ts\n\n      1 | import type { RouteAndRunRequestDto } from '../dto/route-and-run.dto';\n    > 2 | import { isMemoryShellTripId } from '../../trips/iceland-self-drive/utils/iceland-memory-shell-trip-id.util';\n        | ^\n      3 |\n      4 | const UUID_RE =\n      5 |   /^[0-9a-f]{8}-[0-9a-f]{4}-[0-9a-f]{4}-[0-9a-f]{4}-[0-9a-f]{12}$/i;\n\n      at Resolver._throwModNotFoundError (../../home/devbox/project/node_modules/jest-resolve/build/index.js:863:11)\n      at Object.<anonymous> (src/agent/utils/route-and-run-trip-id-merge.util.ts:2:1)\n      at Object.<anonymous> (src/agent/services/execution-gateway.route-and-run.orchestration.ts:4:1)\n      at Object.<anonymous> (src/agent/services/agent.service.ts:39:1)\n      at Object.<anonymous> (src/agent/agent.controller.ts:5:1)\n      at Object.<anonymous> (src/agent/agent.controller.ao-p0.contract.spec.ts:6:1)\n","name":"/tmp/claim-matrix-a7e9bdca5/src/agent/agent.controller.ao-p0.contract.spec.ts","startTime":1784878642617,"status":"failed","summary":""},{"assertionResults":[{"ancestorTitles":["claude-exec-route-and-run.contract (AO-04)"],"duration":2,"failing":false,"failureDetails":[],"failureMessages":[],"fullName":"claude-exec-route-and-run.contract (AO-04) extractOrchestratorStateFromRouteAndRunResponse returns nested state","invocations":1,"location":null,"numPassingAsserts":1,"retryReasons":[],"startAt":1784878638018,"status":"passed","title":"extractOrchestratorStateFromRouteAndRunResponse returns nested state"},{"ancestorTitles":["claude-exec-route-and-run.contract (AO-04)"],"duration":1,"failing":false,"failureDetails":[],"failureMessages":[],"fullName":"claude-exec-route-and-run.contract (AO-04) validateAo04RouteAndRunContract passes for minimal valid response","invocations":1,"location":null,"numPassingAsserts":2,"retryReasons":[],"startAt":1784878638021,"status":"passed","title":"validateAo04RouteAndRunContract passes for minimal valid response"},{"ancestorTitles":["claude-exec-route-and-run.contract (AO-04)"],"duration":1,"failing":false,"failureDetails":[],"failureMessages":[],"fullName":"claude-exec-route-and-run.contract (AO-04) validateAo04RouteAndRunContract requires decision_log and errors arrays","invocations":1,"location":null,"numPassingAsserts":3,"retryReasons":[],"startAt":1784878638022,"status":"passed","title":"validateAo04RouteAndRunContract requires decision_log and errors arrays"},{"ancestorTitles":["claude-exec-route-and-run.contract (AO-04)"],"duration":1,"failing":false,"failureDetails":[],"failureMessages":[],"fullName":"claude-exec-route-and-run.contract (AO-04) validateAo04RouteAndRunContract validates gate_result shape when present","invocations":1,"location":null,"numPassingAsserts":2,"retryReasons":[],"startAt":1784878638023,"status":"passed","title":"validateAo04RouteAndRunContract validates gate_result shape when present"},{"ancestorTitles":["claude-exec-route-and-run.contract (AO-04)"],"duration":1,"failing":false,"failureDetails":[],"failureMessages":[],"fullName":"claude-exec-route-and-run.contract (AO-04) rejects gate_result.gate_result when not in claude_exec allowed set","invocations":1,"location":null,"numPassingAsserts":3,"retryReasons":[],"startAt":1784878638024,"status":"passed","title":"rejects gate_result.gate_result when not in claude_exec allowed set"},{"ancestorTitles":["claude-exec-route-and-run.contract (AO-04)"],"duration":0,"failing":false,"failureDetails":[],"failureMessages":[],"fullName":"claude-exec-route-and-run.contract (AO-04) rejects gate_result.violations entries missing claude_exec §1 fields","invocations":1,"location":null,"numPassingAsserts":2,"retryReasons":[],"startAt":1784878638025,"status":"passed","title":"rejects gate_result.violations entries missing claude_exec §1 fields"},{"ancestorTitles":["claude-exec-route-and-run.contract (AO-04)"],"duration":0,"failing":false,"failureDetails":[],"failureMessages":[],"fullName":"claude-exec-route-and-run.contract (AO-04) rejects gate_result.required_adjustments entries missing action or why","invocations":1,"location":null,"numPassingAsserts":3,"retryReasons":[],"startAt":1784878638026,"status":"passed","title":"rejects gate_result.required_adjustments entries missing action or why"},{"ancestorTitles":["claude-exec-route-and-run.contract (AO-04)"],"duration":1,"failing":false,"failureDetails":[],"failureMessages":[],"fullName":"claude-exec-route-and-run.contract (AO-04) rejects gate_result.evidence_refs when not an array","invocations":1,"location":null,"numPassingAsserts":2,"retryReasons":[],"startAt":1784878638026,"status":"passed","title":"rejects gate_result.evidence_refs when not an array"},{"ancestorTitles":["claude-exec-route-and-run.contract (AO-04)"],"duration":1,"failing":false,"failureDetails":[],"failureMessages":[],"fullName":"claude-exec-route-and-run.contract (AO-04) rejects gate_result.confidence when not a number","invocations":1,"location":null,"numPassingAsserts":2,"retryReasons":[],"startAt":1784878638027,"status":"passed","title":"rejects gate_result.confidence when not a number"},{"ancestorTitles":["claude-exec-route-and-run.contract (AO-04)"],"duration":1,"failing":false,"failureDetails":[],"failureMessages":[],"fullName":"claude-exec-route-and-run.contract (AO-04) warns on decision_log entries missing CLAUDE_EXEC §4 fields (non-blocking)","invocations":1,"location":null,"numPassingAsserts":3,"retryReasons":[],"startAt":1784878638028,"status":"passed","title":"warns on decision_log entries missing CLAUDE_EXEC §4 fields (non-blocking)"},{"ancestorTitles":["claude-exec-route-and-run.contract (AO-04)"],"duration":0,"failing":false,"failureDetails":[],"failureMessages":[],"fullName":"claude-exec-route-and-run.contract (AO-04) AO04_ROUTE_AND_RUN_STRICT merges warnings into errors","invocations":1,"location":null,"numPassingAsserts":2,"retryReasons":[],"startAt":1784878638029,"status":"passed","title":"AO04_ROUTE_AND_RUN_STRICT merges warnings into errors"},{"ancestorTitles":["claude-exec-route-and-run.contract (AO-04)"],"duration":0,"failing":false,"failureDetails":[],"failureMessages":[],"fullName":"claude-exec-route-and-run.contract (AO-04) warns on BLOCK without alternatives (CLAUDE_EXEC guidance)","invocations":1,"location":null,"numPassingAsserts":2,"retryReasons":[],"startAt":1784878638030,"status":"passed","title":"warns on BLOCK without alternatives (CLAUDE_EXEC guidance)"},{"ancestorTitles":["claude-exec-route-and-run.contract (AO-04)"],"duration":1,"failing":false,"failureDetails":[],"failureMessages":[],"fullName":"claude-exec-route-and-run.contract (AO-04) countOrchestratorAlternatives sums POI and route slots","invocations":1,"location":null,"numPassingAsserts":1,"retryReasons":[],"startAt":1784878638030,"status":"passed","title":"countOrchestratorAlternatives sums POI and route slots"},{"ancestorTitles":["claude-exec-route-and-run.contract (AO-04)"],"duration":0,"failing":false,"failureDetails":[],"failureMessages":[],"fullName":"claude-exec-route-and-run.contract (AO-04) validates optional todo_verification_list when present on state","invocations":1,"location":null,"numPassingAsserts":1,"retryReasons":[],"startAt":1784878638031,"status":"passed","title":"validates optional todo_verification_list when present on state"},{"ancestorTitles":["claude-exec-route-and-run.contract (AO-04)"],"duration":1,"failing":false,"failureDetails":[],"failureMessages":[],"fullName":"claude-exec-route-and-run.contract (AO-04) rejects todo_verification_list item with non-string field","invocations":1,"location":null,"numPassingAsserts":1,"retryReasons":[],"startAt":1784878638031,"status":"passed","title":"rejects todo_verification_list item with non-string field"},{"ancestorTitles":["claude-exec-route-and-run.contract (AO-04)"],"duration":1,"failing":false,"failureDetails":[],"failureMessages":[],"fullName":"claude-exec-route-and-run.contract (AO-04) validates itinerary.items evidence_refs and type when itinerary present","invocations":1,"location":null,"numPassingAsserts":2,"retryReasons":[],"startAt":1784878638032,"status":"passed","title":"validates itinerary.items evidence_refs and type when itinerary present"}],"endTime":1784878638034,"message":"","name":"/tmp/claim-matrix-a7e9bdca5/src/agent/contracts/claude-exec-route-and-run.contract.spec.ts","startTime":1784878637920,"status":"passed","summary":""},{"assertionResults":[{"ancestorTitles":["DecisionKernelService VERIFY -> REPAIR loop"],"duration":8,"failing":false,"failureDetails":[],"failureMessages":[],"fullName":"DecisionKernelService VERIFY -> REPAIR loop VERIFY 返回 issues 后，REPAIR 应可应用修复并更新 planDraft","invocations":1,"location":null,"numPassingAsserts":10,"retryReasons":[],"startAt":1784878639650,"status":"passed","title":"VERIFY 返回 issues 后，REPAIR 应可应用修复并更新 planDraft"},{"ancestorTitles":["DecisionKernelService VERIFY -> REPAIR loop"],"duration":1,"failing":false,"failureDetails":[],"failureMessages":[],"fullName":"DecisionKernelService VERIFY -> REPAIR loop 未注入 verify/repair 执行器时应安全降级","invocations":1,"location":null,"numPassingAsserts":5,"retryReasons":[],"startAt":1784878639658,"status":"passed","title":"未注入 verify/repair 执行器时应安全降级"},{"ancestorTitles":["DecisionKernelService VERIFY -> REPAIR loop"],"duration":1,"failing":false,"failureDetails":[],"failureMessages":[],"fullName":"DecisionKernelService VERIFY -> REPAIR loop 当 DSO.optimizationHints 指示 fail-safe 时 VERIFY 应短路并不调用 verifyExecutor","invocations":1,"location":null,"numPassingAsserts":5,"retryReasons":[],"startAt":1784878639660,"status":"passed","title":"当 DSO.optimizationHints 指示 fail-safe 时 VERIFY 应短路并不调用 verifyExecutor"},{"ancestorTitles":["DecisionKernelService VERIFY -> REPAIR loop"],"duration":1,"failing":false,"failureDetails":[],"failureMessages":[],"fullName":"DecisionKernelService VERIFY -> REPAIR loop 当 DSO.optimizationHints 指示 fail-safe BLOCK 时 REPAIR 应短路并不调用 repairExecutor","invocations":1,"location":null,"numPassingAsserts":3,"retryReasons":[],"startAt":1784878639661,"status":"passed","title":"当 DSO.optimizationHints 指示 fail-safe BLOCK 时 REPAIR 应短路并不调用 repairExecutor"},{"ancestorTitles":["DecisionKernelService VERIFY -> REPAIR loop"],"duration":1,"failing":false,"failureDetails":[],"failureMessages":[],"fullName":"DecisionKernelService VERIFY -> REPAIR loop 当 DSO.optimizationHints 指示 fail-safe ADJUST_REQUIRED 时 REPAIR 应把指令注入 ctx.gateResult.required_adjustments","invocations":1,"location":null,"numPassingAsserts":2,"retryReasons":[],"startAt":1784878639662,"status":"passed","title":"当 DSO.optimizationHints 指示 fail-safe ADJUST_REQUIRED 时 REPAIR 应把指令注入 ctx.gateResult.required_adjustments"}],"endTime":1784878639664,"message":"","name":"/tmp/claim-matrix-a7e9bdca5/src/decision/kernel/decision-kernel.verify-repair-loop.spec.ts","startTime":1784878638062,"status":"passed","summary":""},{"assertionResults":[{"ancestorTitles":["plan-verify-loop-repair-guards — flawed draft narrate"],"duration":3,"failing":false,"failureDetails":[],"failureMessages":[],"fullName":"plan-verify-loop-repair-guards — flawed draft narrate continues without clarification when allow_flawed_draft_narrate","invocations":1,"location":null,"numPassingAsserts":4,"retryReasons":[],"startAt":1784878639746,"status":"passed","title":"continues without clarification when allow_flawed_draft_narrate"},{"ancestorTitles":["plan-verify-loop-repair-guards — flawed draft narrate"],"duration":1,"failing":false,"failureDetails":[],"failureMessages":[],"fullName":"plan-verify-loop-repair-guards — flawed draft narrate bound trip without explicit opt-in clarifies (P0-1)","invocations":1,"location":null,"numPassingAsserts":3,"retryReasons":[],"startAt":1784878639749,"status":"passed","title":"bound trip without explicit opt-in clarifies (P0-1)"},{"ancestorTitles":["plan-verify-loop-repair-guards — flawed draft narrate"],"duration":0,"failing":false,"failureDetails":[],"failureMessages":[],"fullName":"plan-verify-loop-repair-guards — flawed draft narrate explicit allow_flawed_draft_narrate=false still clarifies","invocations":1,"location":null,"numPassingAsserts":2,"retryReasons":[],"startAt":1784878639751,"status":"passed","title":"explicit allow_flawed_draft_narrate=false still clarifies"},{"ancestorTitles":["plan-verify-loop-repair-guards — flawed draft narrate"],"duration":3,"failing":false,"failureDetails":[],"failureMessages":[],"fullName":"plan-verify-loop-repair-guards — flawed draft narrate refuses flawed bypass when HARD SAFETY gate violation present","invocations":1,"location":null,"numPassingAsserts":6,"retryReasons":[],"startAt":1784878639751,"status":"passed","title":"refuses flawed bypass when HARD SAFETY gate violation present"}],"endTime":1784878639755,"message":"","name":"/tmp/claim-matrix-a7e9bdca5/src/agent/orchestration/plan-verify-loop/plan-verify-loop-repair-guards.spec.ts","startTime":1784878639673,"status":"passed","summary":""},{"assertionResults":[{"ancestorTitles":["RepairApplySkill"],"duration":18,"failing":false,"failureDetails":[],"failureMessages":[],"fullName":"RepairApplySkill ADD_BUFFER + target 将相邻两 POI 中后项后移，消除重叠","invocations":1,"location":null,"numPassingAsserts":4,"retryReasons":[],"startAt":1784878639984,"status":"passed","title":"ADD_BUFFER + target 将相邻两 POI 中后项后移，消除重叠"},{"ancestorTitles":["RepairApplySkill"],"duration":4,"failing":false,"failureDetails":[],"failureMessages":[],"fullName":"RepairApplySkill ADD_BUFFER + target + buffer_anchor_item_id 锚定非序列紧邻的前项","invocations":1,"location":null,"numPassingAsserts":3,"retryReasons":[],"startAt":1784878640002,"status":"passed","title":"ADD_BUFFER + target + buffer_anchor_item_id 锚定非序列紧邻的前项"},{"ancestorTitles":["RepairApplySkill"],"duration":3,"failing":false,"failureDetails":[],"failureMessages":[],"fullName":"RepairApplySkill ADD_BUFFER + buffer_anchor_item_ids 取多锚中最晚 end","invocations":1,"location":null,"numPassingAsserts":3,"retryReasons":[],"startAt":1784878640007,"status":"passed","title":"ADD_BUFFER + buffer_anchor_item_ids 取多锚中最晚 end"},{"ancestorTitles":["RepairApplySkill"],"duration":3,"failing":false,"failureDetails":[],"failureMessages":[],"fullName":"RepairApplySkill REDUCE_SCOPE_OR_ADD_EVIDENCE 应触发确定性低预算修复（缩减一天 items）","invocations":1,"location":null,"numPassingAsserts":3,"retryReasons":[],"startAt":1784878640015,"status":"passed","title":"REDUCE_SCOPE_OR_ADD_EVIDENCE 应触发确定性低预算修复（缩减一天 items）"}],"endTime":1784878640019,"message":"","name":"/tmp/claim-matrix-a7e9bdca5/src/skills/itinerary/repair-apply.skill.spec.ts","startTime":1784878639759,"status":"passed","summary":""},{"assertionResults":[{"ancestorTitles":["ortools-planning-shadow-apply.guard"],"duration":2,"failing":false,"failureDetails":[],"failureMessages":[],"fullName":"ortools-planning-shadow-apply.guard selects only proposal.changes","invocations":1,"location":null,"numPassingAsserts":2,"retryReasons":[],"startAt":1784878640099,"status":"passed","title":"selects only proposal.changes"},{"ancestorTitles":["ortools-planning-shadow-apply.guard"],"duration":0,"failing":false,"failureDetails":[],"failureMessages":[],"fullName":"ortools-planning-shadow-apply.guard detects shadow-only apply leak","invocations":1,"location":null,"numPassingAsserts":2,"retryReasons":[],"startAt":1784878640102,"status":"passed","title":"detects shadow-only apply leak"}],"endTime":1784878640103,"message":"","name":"/tmp/claim-matrix-a7e9bdca5/src/decision-runtime/solver/lab/ortools-planning-shadow-apply.guard.spec.ts","startTime":1784878640024,"status":"passed","summary":""},{"assertionResults":[{"ancestorTitles":["Orchestration Main Chain Protocol contract"],"duration":2,"failing":false,"failureDetails":[],"failureMessages":[],"fullName":"Orchestration Main Chain Protocol contract freezes protocol version envelope","invocations":1,"location":null,"numPassingAsserts":1,"retryReasons":[],"startAt":1784878640189,"status":"passed","title":"freezes protocol version envelope"},{"ancestorTitles":["Orchestration Main Chain Protocol contract"],"duration":1,"failing":false,"failureDetails":[],"failureMessages":[],"fullName":"Orchestration Main Chain Protocol contract pre_plan order matches runner PRE_PLAN_NODE_ORDER","invocations":1,"location":null,"numPassingAsserts":2,"retryReasons":[],"startAt":1784878640191,"status":"passed","title":"pre_plan order matches runner PRE_PLAN_NODE_ORDER"},{"ancestorTitles":["Orchestration Main Chain Protocol contract"],"duration":1,"failing":false,"failureDetails":[],"failureMessages":[],"fullName":"Orchestration Main Chain Protocol contract plan_verify entry is optimize","invocations":1,"location":null,"numPassingAsserts":2,"retryReasons":[],"startAt":1784878640192,"status":"passed","title":"plan_verify entry is optimize"},{"ancestorTitles":["Orchestration Main Chain Protocol contract"],"duration":1,"failing":false,"failureDetails":[],"failureMessages":[],"fullName":"Orchestration Main Chain Protocol contract static edges cover pre_plan happy path and post_plan","invocations":1,"location":null,"numPassingAsserts":10,"retryReasons":[],"startAt":1784878640193,"status":"passed","title":"static edges cover pre_plan happy path and post_plan"},{"ancestorTitles":["Orchestration Main Chain Protocol contract"],"duration":1,"failing":false,"failureDetails":[],"failureMessages":[],"fullName":"Orchestration Main Chain Protocol contract plan_verify edges include repair loop and RETURN_TO_RESEARCH","invocations":1,"location":null,"numPassingAsserts":4,"retryReasons":[],"startAt":1784878640194,"status":"passed","title":"plan_verify edges include repair loop and RETURN_TO_RESEARCH"},{"ancestorTitles":["Orchestration Main Chain Protocol contract"],"duration":1,"failing":false,"failureDetails":[],"failureMessages":[],"fullName":"Orchestration Main Chain Protocol contract observed node order contains all post_plan nodes","invocations":1,"location":null,"numPassingAsserts":5,"retryReasons":[],"startAt":1784878640195,"status":"passed","title":"observed node order contains all post_plan nodes"},{"ancestorTitles":["Orchestration Main Chain Protocol contract"],"duration":1,"failing":false,"failureDetails":[],"failureMessages":[],"fullName":"Orchestration Main Chain Protocol contract short-circuits and user-confirm points are non-empty frozen inventories","invocations":1,"location":null,"numPassingAsserts":4,"retryReasons":[],"startAt":1784878640196,"status":"passed","title":"short-circuits and user-confirm points are non-empty frozen inventories"},{"ancestorTitles":["Orchestration Main Chain Protocol contract"],"duration":1,"failing":false,"failureDetails":[],"failureMessages":[],"fullName":"Orchestration Main Chain Protocol contract happy-path next map includes main-chain static edges","invocations":1,"location":null,"numPassingAsserts":3,"retryReasons":[],"startAt":1784878640197,"status":"passed","title":"happy-path next map includes main-chain static edges"}],"endTime":1784878640199,"message":"","name":"/tmp/claim-matrix-a7e9bdca5/src/agent/orchestration/orchestration-main-chain-protocol.contract.spec.ts","startTime":1784878640107,"status":"passed","summary":""},{"assertionResults":[{"ancestorTitles":["GateEvalOrchestratorNode"],"duration":2,"failing":false,"failureDetails":[],"failureMessages":[],"fullName":"GateEvalOrchestratorNode continues when gate is not blocked","invocations":1,"location":null,"numPassingAsserts":2,"retryReasons":[],"startAt":1784878640277,"status":"passed","title":"continues when gate is not blocked"},{"ancestorTitles":["GateEvalOrchestratorNode"],"duration":1,"failing":false,"failureDetails":[],"failureMessages":[],"fullName":"GateEvalOrchestratorNode returns terminal_blocked when gate is BLOCK","invocations":1,"location":null,"numPassingAsserts":2,"retryReasons":[],"startAt":1784878640280,"status":"passed","title":"returns terminal_blocked when gate is BLOCK"}],"endTime":1784878640282,"message":"","name":"/tmp/claim-matrix-a7e9bdca5/src/agent/orchestration/graph/nodes/gate-eval.node.spec.ts","startTime":1784878640203,"status":"passed","summary":""},{"assertionResults":[{"ancestorTitles":["itinerary-adjust-auto-apply"],"duration":4,"failing":false,"failureDetails":[],"failureMessages":[],"fullName":"itinerary-adjust-auto-apply classifies strong modification for replan day 2","invocations":1,"location":null,"numPassingAsserts":1,"retryReasons":[],"startAt":1784878640368,"status":"passed","title":"classifies strong modification for replan day 2"},{"ancestorTitles":["itinerary-adjust-auto-apply"],"duration":1,"failing":false,"failureDetails":[],"failureMessages":[],"fullName":"itinerary-adjust-auto-apply classifies exploratory for recommendation phrasing","invocations":1,"location":null,"numPassingAsserts":1,"retryReasons":[],"startAt":1784878640373,"status":"passed","title":"classifies exploratory for recommendation phrasing"},{"ancestorTitles":["itinerary-adjust-auto-apply"],"duration":2,"failing":false,"failureDetails":[],"failureMessages":[],"fullName":"itinerary-adjust-auto-apply classifies poi_slot_fill for trip-scoped recommend-add","invocations":1,"location":null,"numPassingAsserts":2,"retryReasons":[],"startAt":1784878640374,"status":"passed","title":"classifies poi_slot_fill for trip-scoped recommend-add"},{"ancestorTitles":["itinerary-adjust-auto-apply"],"duration":1,"failing":false,"failureDetails":[],"failureMessages":[],"fullName":"itinerary-adjust-auto-apply allows AUTO only when strong intent and L0 corridor","invocations":1,"location":null,"numPassingAsserts":2,"retryReasons":[],"startAt":1784878640376,"status":"passed","title":"allows AUTO only when strong intent and L0 corridor"},{"ancestorTitles":["itinerary-adjust-auto-apply"],"duration":0,"failing":false,"failureDetails":[],"failureMessages":[],"fullName":"itinerary-adjust-auto-apply blocks high confidence when L4 poi_search used","invocations":1,"location":null,"numPassingAsserts":2,"retryReasons":[],"startAt":1784878640377,"status":"passed","title":"blocks high confidence when L4 poi_search used"},{"ancestorTitles":["itinerary-adjust-auto-apply"],"duration":0,"failing":false,"failureDetails":[],"failureMessages":[],"fullName":"itinerary-adjust-auto-apply builds user-facing lead for applied vs draft","invocations":1,"location":null,"numPassingAsserts":2,"retryReasons":[],"startAt":1784878640378,"status":"passed","title":"builds user-facing lead for applied vs draft"}],"endTime":1784878640379,"message":"","name":"/tmp/claim-matrix-a7e9bdca5/src/agent/utils/itinerary-adjust-auto-apply.util.spec.ts","startTime":1784878640286,"status":"passed","summary":""},{"assertionResults":[{"ancestorTitles":["trusted-delivery.project.util"],"duration":3,"failing":false,"failureDetails":[],"failureMessages":[],"fullName":"trusted-delivery.project.util maps internal steps to public phases without exposing node ids","invocations":1,"location":null,"numPassingAsserts":9,"retryReasons":[],"startAt":1784878640469,"status":"passed","title":"maps internal steps to public phases without exposing node ids"},{"ancestorTitles":["trusted-delivery.project.util"],"duration":1,"failing":false,"failureDetails":[],"failureMessages":[],"fullName":"trusted-delivery.project.util projects FLAWED_DRAFT delivery_verdict on OK + flawed draft","invocations":1,"location":null,"numPassingAsserts":2,"retryReasons":[],"startAt":1784878640473,"status":"passed","title":"projects FLAWED_DRAFT delivery_verdict on OK + flawed draft"}],"endTime":1784878640475,"message":"","name":"/tmp/claim-matrix-a7e9bdca5/src/agent/delivery/utils/trusted-delivery.project.util.spec.ts","startTime":1784878640387,"status":"passed","summary":""},{"assertionResults":[{"ancestorTitles":["trusted_delivery_v1 consumption contract"],"duration":3,"failing":false,"failureDetails":[],"failureMessages":[],"fullName":"trusted_delivery_v1 consumption contract payload shape matches TrustedDeliveryV1 for UI clients","invocations":1,"location":null,"numPassingAsserts":6,"retryReasons":[],"startAt":1784878640551,"status":"passed","title":"payload shape matches TrustedDeliveryV1 for UI clients"}],"endTime":1784878640555,"message":"","name":"/tmp/claim-matrix-a7e9bdca5/src/agent/delivery/trusted-delivery-consumption.contract.spec.ts","startTime":1784878640478,"status":"passed","summary":""},{"assertionResults":[{"ancestorTitles":["AU-P1-004 — Duplicate idempotency_key must not double-write"],"duration":12,"failing":false,"failureDetails":[],"failureMessages":[],"fullName":"AU-P1-004 — Duplicate idempotency_key must not double-write Same idempotency_key twice → one trip version bump, second returns first result, ledger has one decision.","invocations":1,"location":null,"numPassingAsserts":0,"retryReasons":[],"startAt":1784878642010,"status":"passed","title":"Same idempotency_key twice → one trip version bump, second returns first result, ledger has one decision."},{"ancestorTitles":["AU-P1-004 — Duplicate idempotency_key must not double-write"],"duration":4,"failing":false,"failureDetails":[],"failureMessages":[],"fullName":"AU-P1-004 — Duplicate idempotency_key must not double-write idempotency blocker result is anchored to Travel Context revision","invocations":1,"location":null,"numPassingAsserts":5,"retryReasons":[],"startAt":1784878642023,"status":"passed","title":"idempotency blocker result is anchored to Travel Context revision"}],"endTime":1784878642029,"message":"","name":"/tmp/claim-matrix-a7e9bdca5/src/harness/evals/authority/au-p1-004-idempotency.spec.ts","startTime":1784878640559,"status":"passed","summary":""},{"assertionResults":[{"ancestorTitles":["auto-corridor-product.contract"],"duration":2,"failing":false,"failureDetails":[],"failureMessages":[],"fullName":"auto-corridor-product.contract freezes LLM cannot write DB and flawed blocks AUTO","invocations":1,"location":null,"numPassingAsserts":3,"retryReasons":[],"startAt":1784878642103,"status":"passed","title":"freezes LLM cannot write DB and flawed blocks AUTO"},{"ancestorTitles":["auto-corridor-product.contract"],"duration":1,"failing":false,"failureDetails":[],"failureMessages":[],"fullName":"auto-corridor-product.contract builds UI flags that hide auto control for flawed draft","invocations":1,"location":null,"numPassingAsserts":5,"retryReasons":[],"startAt":1784878642106,"status":"passed","title":"builds UI flags that hide auto control for flawed draft"},{"ancestorTitles":["auto-corridor-product.contract"],"duration":1,"failing":false,"failureDetails":[],"failureMessages":[],"fullName":"auto-corridor-product.contract rejects eligibility without trip or with flawed draft","invocations":1,"location":null,"numPassingAsserts":2,"retryReasons":[],"startAt":1784878642107,"status":"passed","title":"rejects eligibility without trip or with flawed draft"}],"endTime":1784878642109,"message":"","name":"/tmp/claim-matrix-a7e9bdca5/src/agent/contracts/auto-corridor-product.contract.spec.ts","startTime":1784878642034,"status":"passed","summary":""},{"assertionResults":[{"ancestorTitles":["assertTepRepairOptionFresh"],"duration":2,"failing":false,"failureDetails":[],"failureMessages":[],"fullName":"assertTepRepairOptionFresh allows when base matches current effective","invocations":1,"location":null,"numPassingAsserts":1,"retryReasons":[],"startAt":1784878642258,"status":"passed","title":"allows when base matches current effective"},{"ancestorTitles":["assertTepRepairOptionFresh"],"duration":1,"failing":false,"failureDetails":[],"failureMessages":[],"fullName":"assertTepRepairOptionFresh allows when base is omitted","invocations":1,"location":null,"numPassingAsserts":1,"retryReasons":[],"startAt":1784878642261,"status":"passed","title":"allows when base is omitted"},{"ancestorTitles":["assertTepRepairOptionFresh"],"duration":7,"failing":false,"failureDetails":[],"failureMessages":[],"fullName":"assertTepRepairOptionFresh rejects stale base plan version","invocations":1,"location":null,"numPassingAsserts":2,"retryReasons":[],"startAt":1784878642262,"status":"passed","title":"rejects stale base plan version"}],"endTime":1784878642270,"message":"","name":"/tmp/claim-matrix-a7e9bdca5/src/trips/tep/utils/tep-repair-stale-guard.util.spec.ts","startTime":1784878642118,"status":"passed","summary":""},{"assertionResults":[{"ancestorTitles":["resolveDeliveryVerdict"],"duration":2,"failing":false,"failureDetails":[],"failureMessages":[],"fullName":"resolveDeliveryVerdict maps FAILED / TIMEOUT","invocations":1,"location":null,"numPassingAsserts":2,"retryReasons":[],"startAt":1784878642349,"status":"passed","title":"maps FAILED / TIMEOUT"},{"ancestorTitles":["resolveDeliveryVerdict"],"duration":1,"failing":false,"failureDetails":[],"failureMessages":[],"fullName":"resolveDeliveryVerdict maps NEED_* and BLOCKED to BLOCKED","invocations":1,"location":null,"numPassingAsserts":3,"retryReasons":[],"startAt":1784878642351,"status":"passed","title":"maps NEED_* and BLOCKED to BLOCKED"},{"ancestorTitles":["resolveDeliveryVerdict"],"duration":1,"failing":false,"failureDetails":[],"failureMessages":[],"fullName":"resolveDeliveryVerdict maps flawed draft ahead of OK","invocations":1,"location":null,"numPassingAsserts":1,"retryReasons":[],"startAt":1784878642352,"status":"passed","title":"maps flawed draft ahead of OK"},{"ancestorTitles":["resolveDeliveryVerdict"],"duration":1,"failing":false,"failureDetails":[],"failureMessages":[],"fullName":"resolveDeliveryVerdict maps OK with soft warnings","invocations":1,"location":null,"numPassingAsserts":1,"retryReasons":[],"startAt":1784878642353,"status":"passed","title":"maps OK with soft warnings"},{"ancestorTitles":["resolveDeliveryVerdict"],"duration":1,"failing":false,"failureDetails":[],"failureMessages":[],"fullName":"resolveDeliveryVerdict maps clean OK to VERIFIED","invocations":1,"location":null,"numPassingAsserts":1,"retryReasons":[],"startAt":1784878642354,"status":"passed","title":"maps clean OK to VERIFIED"}],"endTime":1784878642356,"message":"","name":"/tmp/claim-matrix-a7e9bdca5/src/agent/delivery/types/delivery-verdict.types.spec.ts","startTime":1784878642280,"status":"passed","summary":""},{"assertionResults":[{"ancestorTitles":["gate-verify-corridor-audit.matrix"],"duration":2,"failing":false,"failureDetails":[],"failureMessages":[],"fullName":"gate-verify-corridor-audit.matrix scopes main-chain GATE BLOCK narrowly","invocations":1,"location":null,"numPassingAsserts":2,"retryReasons":[],"startAt":1784878642437,"status":"passed","title":"scopes main-chain GATE BLOCK narrowly"},{"ancestorTitles":["gate-verify-corridor-audit.matrix"],"duration":1,"failing":false,"failureDetails":[],"failureMessages":[],"fullName":"gate-verify-corridor-audit.matrix marks independent apply corridors as canWriteWithoutMainChainGate","invocations":1,"location":null,"numPassingAsserts":3,"retryReasons":[],"startAt":1784878642439,"status":"passed","title":"marks independent apply corridors as canWriteWithoutMainChainGate"},{"ancestorTitles":["gate-verify-corridor-audit.matrix"],"duration":1,"failing":false,"failureDetails":[],"failureMessages":[],"fullName":"gate-verify-corridor-audit.matrix proves main SM corridor cannot write past GATE without main chain","invocations":1,"location":null,"numPassingAsserts":2,"retryReasons":[],"startAt":1784878642440,"status":"passed","title":"proves main SM corridor cannot write past GATE without main chain"}],"endTime":1784878642442,"message":"","name":"/tmp/claim-matrix-a7e9bdca5/src/agent/contracts/gate-verify-corridor-audit.matrix.spec.ts","startTime":1784878642359,"status":"passed","summary":""},{"assertionResults":[{"ancestorTitles":["writeback-corridor-audit.matrix"],"duration":2,"failing":false,"failureDetails":[],"failureMessages":[],"fullName":"writeback-corridor-audit.matrix includes ITINERARY_ADJUST with trip_itinerary_item persistence and narrow AUTO","invocations":1,"location":null,"numPassingAsserts":2,"retryReasons":[],"startAt":1784878642518,"status":"passed","title":"includes ITINERARY_ADJUST with trip_itinerary_item persistence and narrow AUTO"},{"ancestorTitles":["writeback-corridor-audit.matrix"],"duration":6,"failing":false,"failureDetails":[],"failureMessages":[],"fullName":"writeback-corridor-audit.matrix marks Iceland apply as plan_version without AUTO","invocations":1,"location":null,"numPassingAsserts":2,"retryReasons":[],"startAt":1784878642520,"status":"passed","title":"marks Iceland apply as plan_version without AUTO"}],"endTime":1784878642527,"message":"","name":"/tmp/claim-matrix-a7e9bdca5/src/agent/contracts/writeback-corridor-audit.matrix.spec.ts","startTime":1784878642446,"status":"passed","summary":""},{"assertionResults":[{"ancestorTitles":["shouldBlockAutoApplyForFlawedDraft"],"duration":2,"failing":false,"failureDetails":[],"failureMessages":[],"fullName":"shouldBlockAutoApplyForFlawedDraft blocks when flawed_draft_narrate is true","invocations":1,"location":null,"numPassingAsserts":2,"retryReasons":[],"startAt":1784878642598,"status":"passed","title":"blocks when flawed_draft_narrate is true"},{"ancestorTitles":["shouldBlockAutoApplyForFlawedDraft"],"duration":1,"failing":false,"failureDetails":[],"failureMessages":[],"fullName":"shouldBlockAutoApplyForFlawedDraft allows when not flawed","invocations":1,"location":null,"numPassingAsserts":2,"retryReasons":[],"startAt":1784878642601,"status":"passed","title":"allows when not flawed"}],"endTime":1784878642603,"message":"","name":"/tmp/claim-matrix-a7e9bdca5/src/agent/utils/itinerary-adjust-flawed-auto-block.util.spec.ts","startTime":1784878642531,"status":"passed","summary":""}],"wasInterrupted":false}
