{"numFailedTestSuites":0,"numFailedTests":0,"numPassedTestSuites":11,"numPassedTests":34,"numPendingTestSuites":0,"numPendingTests":0,"numRuntimeErrorTestSuites":0,"numTodoTests":0,"numTotalTestSuites":11,"numTotalTests":34,"openHandles":[],"snapshot":{"added":0,"didUpdate":false,"failure":false,"filesAdded":0,"filesRemoved":0,"filesRemovedList":[],"filesUnmatched":0,"filesUpdated":0,"matched":0,"total":0,"unchecked":0,"uncheckedKeysByFile":[],"unmatched":0,"updated":0},"startTime":1784886599005,"success":true,"testResults":[{"assertionResults":[{"ancestorTitles":["ortools-planning-lab-compare.sample (EWP-05)"],"duration":13,"failing":false,"failureDetails":[],"failureMessages":[],"fullName":"ortools-planning-lab-compare.sample (EWP-05) writes sample artifact with shadowAuthority false","invocations":1,"location":null,"numPassingAsserts":3,"retryReasons":[],"startAt":1784886599609,"status":"passed","title":"writes sample artifact with shadowAuthority false"}],"endTime":1784886599624,"message":"","name":"/home/devbox/project/src/decision-runtime/solver/lab/ortools-planning-lab-compare.sample.spec.ts","startTime":1784886599261,"status":"passed","summary":""},{"assertionResults":[{"ancestorTitles":["cross-corridor-concurrency.contract (EWP-04)"],"duration":2,"failing":false,"failureDetails":[],"failureMessages":[],"fullName":"cross-corridor-concurrency.contract (EWP-04) documents no global contextHash on main chain","invocations":1,"location":null,"numPassingAsserts":1,"retryReasons":[],"startAt":1784886599731,"status":"passed","title":"documents no global contextHash on main chain"},{"ancestorTitles":["cross-corridor-concurrency.contract (EWP-04)"],"duration":1,"failing":false,"failureDetails":[],"failureMessages":[],"fullName":"cross-corridor-concurrency.contract (EWP-04) TEP stale signal is STALE_REPAIR_OPTION","invocations":1,"location":null,"numPassingAsserts":1,"retryReasons":[],"startAt":1784886599733,"status":"passed","title":"TEP stale signal is STALE_REPAIR_OPTION"},{"ancestorTitles":["cross-corridor-concurrency.contract (EWP-04)"],"duration":1,"failing":false,"failureDetails":[],"failureMessages":[],"fullName":"cross-corridor-concurrency.contract (EWP-04) Arrange apply sets CONTEXT_STALE phase and throws CONTEXT_VERSION_CONFLICT","invocations":1,"location":null,"numPassingAsserts":2,"retryReasons":[],"startAt":1784886599734,"status":"passed","title":"Arrange apply sets CONTEXT_STALE phase and throws CONTEXT_VERSION_CONFLICT"},{"ancestorTitles":["cross-corridor-concurrency.contract (EWP-04)"],"duration":1,"failing":false,"failureDetails":[],"failureMessages":[],"fullName":"cross-corridor-concurrency.contract (EWP-04) Phase2 route_and_run stale concurrency e2e file exists","invocations":1,"location":null,"numPassingAsserts":2,"retryReasons":[],"startAt":1784886599735,"status":"passed","title":"Phase2 route_and_run stale concurrency e2e file exists"},{"ancestorTitles":["cross-corridor-concurrency.contract (EWP-04)"],"duration":0,"failing":false,"failureDetails":[],"failureMessages":[],"fullName":"cross-corridor-concurrency.contract (EWP-04) Mobile spatial/planning conflict codes appear in service sources","invocations":1,"location":null,"numPassingAsserts":1,"retryReasons":[],"startAt":1784886599737,"status":"passed","title":"Mobile spatial/planning conflict codes appear in service sources"},{"ancestorTitles":["cross-corridor-concurrency.contract (EWP-04)"],"duration":0,"failing":false,"failureDetails":[],"failureMessages":[],"fullName":"cross-corridor-concurrency.contract (EWP-04) does not invent a cross-corridor concurrent write suite path","invocations":1,"location":null,"numPassingAsserts":1,"retryReasons":[],"startAt":1784886599738,"status":"passed","title":"does not invent a cross-corridor concurrent write suite path"}],"endTime":1784886599740,"message":"","name":"/home/devbox/project/src/agent/contracts/cross-corridor-concurrency.contract.spec.ts","startTime":1784886599632,"status":"passed","summary":""},{"assertionResults":[{"ancestorTitles":["client-protocol-handoff.inventory.contract (EWP-06)"],"duration":3,"failing":false,"failureDetails":[],"failureMessages":[],"fullName":"client-protocol-handoff.inventory.contract (EWP-06) required handoff / contract files exist","invocations":1,"location":null,"numPassingAsserts":6,"retryReasons":[],"startAt":1784886599833,"status":"passed","title":"required handoff / contract files exist"},{"ancestorTitles":["client-protocol-handoff.inventory.contract (EWP-06)"],"duration":1,"failing":false,"failureDetails":[],"failureMessages":[],"fullName":"client-protocol-handoff.inventory.contract (EWP-06) page-ai-contracts exports contextHashFields","invocations":1,"location":null,"numPassingAsserts":1,"retryReasons":[],"startAt":1784886599836,"status":"passed","title":"page-ai-contracts exports contextHashFields"},{"ancestorTitles":["client-protocol-handoff.inventory.contract (EWP-06)"],"duration":3,"failing":false,"failureDetails":[],"failureMessages":[],"fullName":"client-protocol-handoff.inventory.contract (EWP-06) repository has no production Swift sources","invocations":1,"location":null,"numPassingAsserts":1,"retryReasons":[],"startAt":1784886599837,"status":"passed","title":"repository has no production Swift sources"},{"ancestorTitles":["client-protocol-handoff.inventory.contract (EWP-06)"],"duration":1,"failing":false,"failureDetails":[],"failureMessages":[],"fullName":"client-protocol-handoff.inventory.contract (EWP-06) reference frontend-*-api-client.ts samples exist","invocations":1,"location":null,"numPassingAsserts":2,"retryReasons":[],"startAt":1784886599840,"status":"passed","title":"reference frontend-*-api-client.ts samples exist"}],"endTime":1784886599842,"message":"","name":"/home/devbox/project/src/agent/contracts/client-protocol-handoff.inventory.contract.spec.ts","startTime":1784886599744,"status":"passed","summary":""},{"assertionResults":[{"ancestorTitles":["mixed-write-target.decomposition.contract (EWP-02)"],"duration":3,"failing":false,"failureDetails":[],"failureMessages":[],"fullName":"mixed-write-target.decomposition.contract (EWP-02) marks unified_execute and actions_commit as mixed in the audit matrix","invocations":1,"location":null,"numPassingAsserts":4,"retryReasons":[],"startAt":1784886599938,"status":"passed","title":"marks unified_execute and actions_commit as mixed in the audit matrix"},{"ancestorTitles":["mixed-write-target.decomposition.contract (EWP-02)"],"duration":1,"failing":false,"failureDetails":[],"failureMessages":[],"fullName":"mixed-write-target.decomposition.contract (EWP-02) Unified Execute path writes PlanVersion / ledger / problem / materializer / trip revision","invocations":1,"location":null,"numPassingAsserts":6,"retryReasons":[],"startAt":1784886599941,"status":"passed","title":"Unified Execute path writes PlanVersion / ledger / problem / materializer / trip revision"},{"ancestorTitles":["mixed-write-target.decomposition.contract (EWP-02)"],"duration":2,"failing":false,"failureDetails":[],"failureMessages":[],"fullName":"mixed-write-target.decomposition.contract (EWP-02) Actions Commit path uses action registry, agentActionLog, sideEffectRegistry, dedup","invocations":1,"location":null,"numPassingAsserts":5,"retryReasons":[],"startAt":1784886599942,"status":"passed","title":"Actions Commit path uses action registry, agentActionLog, sideEffectRegistry, dedup"}],"endTime":1784886599945,"message":"","name":"/home/devbox/project/src/agent/contracts/mixed-write-target.decomposition.contract.spec.ts","startTime":1784886599847,"status":"passed","summary":""},{"assertionResults":[{"ancestorTitles":["rollback-compensation.corridor.matrix (EWP-03)"],"duration":2,"failing":false,"failureDetails":[],"failureMessages":[],"fullName":"rollback-compensation.corridor.matrix (EWP-03) Unified exposes HTTP rollback and executor implements rollback","invocations":1,"location":null,"numPassingAsserts":2,"retryReasons":[],"startAt":1784886600049,"status":"passed","title":"Unified exposes HTTP rollback and executor implements rollback"},{"ancestorTitles":["rollback-compensation.corridor.matrix (EWP-03)"],"duration":1,"failing":false,"failureDetails":[],"failureMessages":[],"fullName":"rollback-compensation.corridor.matrix (EWP-03) Actions rollback is an explicit stub with no side effects","invocations":1,"location":null,"numPassingAsserts":2,"retryReasons":[],"startAt":1784886600052,"status":"passed","title":"Actions rollback is an explicit stub with no side effects"},{"ancestorTitles":["rollback-compensation.corridor.matrix (EWP-03)"],"duration":1,"failing":false,"failureDetails":[],"failureMessages":[],"fullName":"rollback-compensation.corridor.matrix (EWP-03) route_and_run itinerary revision rollback is wired on AgentController","invocations":1,"location":null,"numPassingAsserts":3,"retryReasons":[],"startAt":1784886600053,"status":"passed","title":"route_and_run itinerary revision rollback is wired on AgentController"},{"ancestorTitles":["rollback-compensation.corridor.matrix (EWP-03)"],"duration":1,"failing":false,"failureDetails":[],"failureMessages":[],"fullName":"rollback-compensation.corridor.matrix (EWP-03) TEP repair apply has failure-path materialization compensation","invocations":1,"location":null,"numPassingAsserts":1,"retryReasons":[],"startAt":1784886600054,"status":"passed","title":"TEP repair apply has failure-path materialization compensation"},{"ancestorTitles":["rollback-compensation.corridor.matrix (EWP-03)"],"duration":0,"failing":false,"failureDetails":[],"failureMessages":[],"fullName":"rollback-compensation.corridor.matrix (EWP-03) Arrange discard exists as pre-apply compensation only (source mention)","invocations":1,"location":null,"numPassingAsserts":1,"retryReasons":[],"startAt":1784886600055,"status":"passed","title":"Arrange discard exists as pre-apply compensation only (source mention)"}],"endTime":1784886600057,"message":"","name":"/home/devbox/project/src/agent/contracts/rollback-compensation.corridor.matrix.spec.ts","startTime":1784886599951,"status":"passed","summary":""},{"assertionResults":[{"ancestorTitles":["OrToolsShadowMetricsCollector"],"duration":3,"failing":false,"failureDetails":[],"failureMessages":[],"fullName":"OrToolsShadowMetricsCollector aggregates Neptune vs OR-Tools shadow runs","invocations":1,"location":null,"numPassingAsserts":8,"retryReasons":[],"startAt":1784886600303,"status":"passed","title":"aggregates Neptune vs OR-Tools shadow runs"}],"endTime":1784886600307,"message":"","name":"/home/devbox/project/src/decision-runtime/solver/observability/ortools-shadow-metrics.collector.spec.ts","startTime":1784886600061,"status":"passed","summary":""},{"assertionResults":[{"ancestorTitles":["bff-client-contract.matrix (EWP-07)"],"duration":2,"failing":false,"failureDetails":[],"failureMessages":[],"fullName":"bff-client-contract.matrix (EWP-07) evidence pack states NestJS BFF/API without production client source","invocations":1,"location":null,"numPassingAsserts":2,"retryReasons":[],"startAt":1784886600399,"status":"passed","title":"evidence pack states NestJS BFF/API without production client source"},{"ancestorTitles":["bff-client-contract.matrix (EWP-07)"],"duration":0,"failing":false,"failureDetails":[],"failureMessages":[],"fullName":"bff-client-contract.matrix (EWP-07) main.ts uses Nest globalPrefix api","invocations":1,"location":null,"numPassingAsserts":1,"retryReasons":[],"startAt":1784886600402,"status":"passed","title":"main.ts uses Nest globalPrefix api"},{"ancestorTitles":["bff-client-contract.matrix (EWP-07)"],"duration":1,"failing":false,"failureDetails":[],"failureMessages":[],"fullName":"bff-client-contract.matrix (EWP-07) client contract matrix anchors exist","invocations":1,"location":null,"numPassingAsserts":6,"retryReasons":[],"startAt":1784886600403,"status":"passed","title":"client contract matrix anchors exist"},{"ancestorTitles":["bff-client-contract.matrix (EWP-07)"],"duration":0,"failing":false,"failureDetails":[],"failureMessages":[],"fullName":"bff-client-contract.matrix (EWP-07) travel-context controller is under HTTP module (BFF/API surface)","invocations":1,"location":null,"numPassingAsserts":1,"retryReasons":[],"startAt":1784886600404,"status":"passed","title":"travel-context controller is under HTTP module (BFF/API surface)"}],"endTime":1784886600405,"message":"","name":"/home/devbox/project/src/agent/contracts/bff-client-contract.matrix.spec.ts","startTime":1784886600312,"status":"passed","summary":""},{"assertionResults":[{"ancestorTitles":["travel-context-projection.contract (EWP-01)"],"duration":3,"failing":false,"failureDetails":[],"failureMessages":[],"fullName":"travel-context-projection.contract (EWP-01) runtime SSOT remains OS∥DSO; TravelContext is target","invocations":1,"location":null,"numPassingAsserts":2,"retryReasons":[],"startAt":1784886600491,"status":"passed","title":"runtime SSOT remains OS∥DSO; TravelContext is target"},{"ancestorTitles":["travel-context-projection.contract (EWP-01)"],"duration":1,"failing":false,"failureDetails":[],"failureMessages":[],"fullName":"travel-context-projection.contract (EWP-01) no global contextHash on main chain","invocations":1,"location":null,"numPassingAsserts":1,"retryReasons":[],"startAt":1784886600494,"status":"passed","title":"no global contextHash on main chain"},{"ancestorTitles":["travel-context-projection.contract (EWP-01)"],"duration":1,"failing":false,"failureDetails":[],"failureMessages":[],"fullName":"travel-context-projection.contract (EWP-01) TravelContext snapshot types use revision / snapshotId, not contextHash","invocations":1,"location":null,"numPassingAsserts":1,"retryReasons":[],"startAt":1784886600495,"status":"passed","title":"TravelContext snapshot types use revision / snapshotId, not contextHash"},{"ancestorTitles":["travel-context-projection.contract (EWP-01)"],"duration":0,"failing":false,"failureDetails":[],"failureMessages":[],"fullName":"travel-context-projection.contract (EWP-01) Page Insight local contextHash service exists separately","invocations":1,"location":null,"numPassingAsserts":1,"retryReasons":[],"startAt":1784886600496,"status":"passed","title":"Page Insight local contextHash service exists separately"},{"ancestorTitles":["travel-context-projection.contract (EWP-01)"],"duration":0,"failing":false,"failureDetails":[],"failureMessages":[],"fullName":"travel-context-projection.contract (EWP-01) CURRENT_SSOT_STATUS.md exists","invocations":1,"location":null,"numPassingAsserts":1,"retryReasons":[],"startAt":1784886600497,"status":"passed","title":"CURRENT_SSOT_STATUS.md exists"}],"endTime":1784886600499,"message":"","name":"/home/devbox/project/src/agent/contracts/travel-context-projection.contract.spec.ts","startTime":1784886600410,"status":"passed","summary":""},{"assertionResults":[{"ancestorTitles":["travel-context current SSOT status"],"duration":3,"failing":false,"failureDetails":[],"failureMessages":[],"fullName":"travel-context current SSOT status declares dual-track runtime and TravelContext as target","invocations":1,"location":null,"numPassingAsserts":3,"retryReasons":[],"startAt":1784886600577,"status":"passed","title":"declares dual-track runtime and TravelContext as target"}],"endTime":1784886600581,"message":"","name":"/home/devbox/project/src/travel-context/current-ssot-status.constants.spec.ts","startTime":1784886600503,"status":"passed","summary":""},{"assertionResults":[{"ancestorTitles":["ortools-planning-shadow-apply.guard"],"duration":2,"failing":false,"failureDetails":[],"failureMessages":[],"fullName":"ortools-planning-shadow-apply.guard selects only proposal.changes","invocations":1,"location":null,"numPassingAsserts":2,"retryReasons":[],"startAt":1784886600659,"status":"passed","title":"selects only proposal.changes"},{"ancestorTitles":["ortools-planning-shadow-apply.guard"],"duration":0,"failing":false,"failureDetails":[],"failureMessages":[],"fullName":"ortools-planning-shadow-apply.guard detects shadow-only apply leak","invocations":1,"location":null,"numPassingAsserts":2,"retryReasons":[],"startAt":1784886600662,"status":"passed","title":"detects shadow-only apply leak"}],"endTime":1784886600663,"message":"","name":"/home/devbox/project/src/decision-runtime/solver/lab/ortools-planning-shadow-apply.guard.spec.ts","startTime":1784886600585,"status":"passed","summary":""},{"assertionResults":[{"ancestorTitles":["writeback-corridor-audit.matrix"],"duration":2,"failing":false,"failureDetails":[],"failureMessages":[],"fullName":"writeback-corridor-audit.matrix includes ITINERARY_ADJUST with trip_itinerary_item persistence and narrow AUTO","invocations":1,"location":null,"numPassingAsserts":2,"retryReasons":[],"startAt":1784886600741,"status":"passed","title":"includes ITINERARY_ADJUST with trip_itinerary_item persistence and narrow AUTO"},{"ancestorTitles":["writeback-corridor-audit.matrix"],"duration":1,"failing":false,"failureDetails":[],"failureMessages":[],"fullName":"writeback-corridor-audit.matrix marks Iceland apply as plan_version without AUTO","invocations":1,"location":null,"numPassingAsserts":2,"retryReasons":[],"startAt":1784886600743,"status":"passed","title":"marks Iceland apply as plan_version without AUTO"}],"endTime":1784886600745,"message":"","name":"/home/devbox/project/src/agent/contracts/writeback-corridor-audit.matrix.spec.ts","startTime":1784886600668,"status":"passed","summary":""}],"wasInterrupted":false}
