{"numFailedTestSuites":0,"numFailedTests":0,"numPassedTestSuites":28,"numPassedTests":116,"numPendingTestSuites":0,"numPendingTests":0,"numRuntimeErrorTestSuites":0,"numTodoTests":0,"numTotalTestSuites":28,"numTotalTests":116,"openHandles":[],"snapshot":{"added":0,"didUpdate":false,"failure":false,"filesAdded":0,"filesRemoved":0,"filesRemovedList":[],"filesUnmatched":0,"filesUpdated":0,"matched":0,"total":0,"unchecked":0,"uncheckedKeysByFile":[],"unmatched":0,"updated":0},"startTime":1784888163404,"success":true,"testResults":[{"assertionResults":[{"ancestorTitles":["AgentController — AO P0 contract (route_and_run)"],"duration":5,"failing":false,"failureDetails":[],"failureMessages":[],"fullName":"AgentController — AO P0 contract (route_and_run) 透传 gate_result=BLOCK 与 violations","invocations":1,"location":null,"numPassingAsserts":2,"retryReasons":[],"startAt":1784888170348,"status":"passed","title":"透传 gate_result=BLOCK 与 violations"},{"ancestorTitles":["AgentController — AO P0 contract (route_and_run)"],"duration":1,"failing":false,"failureDetails":[],"failureMessages":[],"fullName":"AgentController — AO P0 contract (route_and_run) 透传 gate_result=NEED_USER_CONFIRM 与 readiness_questions","invocations":1,"location":null,"numPassingAsserts":2,"retryReasons":[],"startAt":1784888170354,"status":"passed","title":"透传 gate_result=NEED_USER_CONFIRM 与 readiness_questions"},{"ancestorTitles":["AgentController — AO P0 contract (route_and_run)"],"duration":1,"failing":false,"failureDetails":[],"failureMessages":[],"fullName":"AgentController — AO P0 contract (route_and_run) 透传 gate_result=ADJUST_REQUIRED 与 required_adjustments","invocations":1,"location":null,"numPassingAsserts":3,"retryReasons":[],"startAt":1784888170355,"status":"passed","title":"透传 gate_result=ADJUST_REQUIRED 与 required_adjustments"},{"ancestorTitles":["AgentController — AO P0 contract (route_and_run)"],"duration":0,"failing":false,"failureDetails":[],"failureMessages":[],"fullName":"AgentController — AO P0 contract (route_and_run) 透传 VERIFY 阶段 errors 与 decision_log 引用","invocations":1,"location":null,"numPassingAsserts":2,"retryReasons":[],"startAt":1784888170357,"status":"passed","title":"透传 VERIFY 阶段 errors 与 decision_log 引用"},{"ancestorTitles":["AgentController — AO P0 contract (route_and_run)"],"duration":2,"failing":false,"failureDetails":[],"failureMessages":[],"fullName":"AgentController — AO P0 contract (route_and_run) 透传 VERIFY→REPAIR 的 explain.decision_log 与 orchestrationResult.decision_log（与 AgentService 组装对齐）","invocations":1,"location":null,"numPassingAsserts":6,"retryReasons":[],"startAt":1784888170358,"status":"passed","title":"透传 VERIFY→REPAIR 的 explain.decision_log 与 orchestrationResult.decision_log（与 AgentService 组装对齐）"},{"ancestorTitles":["AgentController — AO P0 contract (route_and_run)"],"duration":2,"failing":false,"failureDetails":[],"failureMessages":[],"fullName":"AgentController — AO P0 contract (route_and_run) AO-04：契约样例通过 claude_exec 对齐切片校验","invocations":1,"location":null,"numPassingAsserts":2,"retryReasons":[],"startAt":1784888170360,"status":"passed","title":"AO-04：契约样例通过 claude_exec 对齐切片校验"}],"endTime":1784888170363,"message":"","name":"/home/devbox/project/src/agent/agent.controller.ao-p0.contract.spec.ts","startTime":1784888163664,"status":"passed","summary":""},{"assertionResults":[{"ancestorTitles":["arrange-apply-stale.dual-signal (CC-1)"],"duration":3,"failing":false,"failureDetails":[],"failureMessages":[],"fullName":"arrange-apply-stale.dual-signal (CC-1) documents dual-signal constants","invocations":1,"location":null,"numPassingAsserts":4,"retryReasons":[],"startAt":1784888172005,"status":"passed","title":"documents dual-signal constants"},{"ancestorTitles":["arrange-apply-stale.dual-signal (CC-1)"],"duration":3,"failing":false,"failureDetails":[],"failureMessages":[],"fullName":"arrange-apply-stale.dual-signal (CC-1) client contextVersion mismatch → phase CONTEXT_STALE + CONTEXT_VERSION_CONFLICT","invocations":1,"location":null,"numPassingAsserts":8,"retryReasons":[],"startAt":1784888172009,"status":"passed","title":"client contextVersion mismatch → phase CONTEXT_STALE + CONTEXT_VERSION_CONFLICT"},{"ancestorTitles":["arrange-apply-stale.dual-signal (CC-1)"],"duration":2,"failing":false,"failureDetails":[],"failureMessages":[],"fullName":"arrange-apply-stale.dual-signal (CC-1) proposal-bound stale via isStale → same dual signal","invocations":1,"location":null,"numPassingAsserts":5,"retryReasons":[],"startAt":1784888172012,"status":"passed","title":"proposal-bound stale via isStale → same dual signal"}],"endTime":1784888172015,"message":"","name":"/home/devbox/project/src/trips/arrange-itinerary/contracts/arrange-apply-stale.dual-signal.spec.ts","startTime":1784888170385,"status":"passed","summary":""},{"assertionResults":[{"ancestorTitles":["corridor-local-freshness.inventory (CTX-1)"],"duration":2,"failing":false,"failureDetails":[],"failureMessages":[],"fullName":"corridor-local-freshness.inventory (CTX-1) is versioned and forbids global TravelContext SSOT wire","invocations":1,"location":null,"numPassingAsserts":4,"retryReasons":[],"startAt":1784888172116,"status":"passed","title":"is versioned and forbids global TravelContext SSOT wire"},{"ancestorTitles":["corridor-local-freshness.inventory (CTX-1)"],"duration":0,"failing":false,"failureDetails":[],"failureMessages":[],"fullName":"corridor-local-freshness.inventory (CTX-1) documents no unified main-chain contextHash","invocations":1,"location":null,"numPassingAsserts":1,"retryReasons":[],"startAt":1784888172119,"status":"passed","title":"documents no unified main-chain contextHash"},{"ancestorTitles":["corridor-local-freshness.inventory (CTX-1)"],"duration":1,"failing":false,"failureDetails":[],"failureMessages":[],"fullName":"corridor-local-freshness.inventory (CTX-1) every anchor path exists","invocations":1,"location":null,"numPassingAsserts":8,"retryReasons":[],"startAt":1784888172120,"status":"passed","title":"every anchor path exists"},{"ancestorTitles":["corridor-local-freshness.inventory (CTX-1)"],"duration":2,"failing":false,"failureDetails":[],"failureMessages":[],"fullName":"corridor-local-freshness.inventory (CTX-1) covers Arrange dual-signal, TEP STALE_REPAIR_OPTION, Mobile ifMatch, Page Insight hash","invocations":1,"location":null,"numPassingAsserts":4,"retryReasons":[],"startAt":1784888172121,"status":"passed","title":"covers Arrange dual-signal, TEP STALE_REPAIR_OPTION, Mobile ifMatch, Page Insight hash"},{"ancestorTitles":["corridor-local-freshness.inventory (CTX-1)"],"duration":0,"failing":false,"failureDetails":[],"failureMessages":[],"fullName":"corridor-local-freshness.inventory (CTX-1) does not invent a single global freshness field name across corridors","invocations":1,"location":null,"numPassingAsserts":1,"retryReasons":[],"startAt":1784888172123,"status":"passed","title":"does not invent a single global freshness field name across corridors"}],"endTime":1784888172124,"message":"","name":"/home/devbox/project/src/agent/contracts/corridor-local-freshness.inventory.spec.ts","startTime":1784888172021,"status":"passed","summary":""},{"assertionResults":[{"ancestorTitles":["Unified rollback HTTP contract (RB-1)"],"duration":2,"failing":false,"failureDetails":[],"failureMessages":[],"fullName":"Unified rollback HTTP contract (RB-1) documents canonical HTTP entry under /api","invocations":1,"location":null,"numPassingAsserts":2,"retryReasons":[],"startAt":1784888172212,"status":"passed","title":"documents canonical HTTP entry under /api"},{"ancestorTitles":["Unified rollback HTTP contract (RB-1)"],"duration":1,"failing":false,"failureDetails":[],"failureMessages":[],"fullName":"Unified rollback HTTP contract (RB-1) controller exposes POST decisions/:decisionId/rollback → gateway.rollback","invocations":1,"location":null,"numPassingAsserts":4,"retryReasons":[],"startAt":1784888172215,"status":"passed","title":"controller exposes POST decisions/:decisionId/rollback → gateway.rollback"},{"ancestorTitles":["Unified rollback HTTP contract (RB-1)"],"duration":1,"failing":false,"failureDetails":[],"failureMessages":[],"fullName":"Unified rollback HTTP contract (RB-1) gateway routes Canonical Runtime only to canonical.rollback","invocations":1,"location":null,"numPassingAsserts":4,"retryReasons":[],"startAt":1784888172216,"status":"passed","title":"gateway routes Canonical Runtime only to canonical.rollback"},{"ancestorTitles":["Unified rollback HTTP contract (RB-1)"],"duration":1,"failing":false,"failureDetails":[],"failureMessages":[],"fullName":"Unified rollback HTTP contract (RB-1) canonical adapter delegates to plan-version-apply.executor.rollback","invocations":1,"location":null,"numPassingAsserts":3,"retryReasons":[],"startAt":1784888172217,"status":"passed","title":"canonical adapter delegates to plan-version-apply.executor.rollback"}],"endTime":1784888172219,"message":"","name":"/home/devbox/project/src/decision-runtime/gateway/contracts/unified-rollback-http.contract.spec.ts","startTime":1784888172129,"status":"passed","summary":""},{"assertionResults":[{"ancestorTitles":["mixed-write-target.decomposition.contract (EWP-02 / WB-1)"],"duration":3,"failing":false,"failureDetails":[],"failureMessages":[],"fullName":"mixed-write-target.decomposition.contract (EWP-02 / WB-1) marks unified_execute and actions_commit as mixed with mixedTargets","invocations":1,"location":null,"numPassingAsserts":6,"retryReasons":[],"startAt":1784888172308,"status":"passed","title":"marks unified_execute and actions_commit as mixed with mixedTargets"},{"ancestorTitles":["mixed-write-target.decomposition.contract (EWP-02 / WB-1)"],"duration":2,"failing":false,"failureDetails":[],"failureMessages":[],"fullName":"mixed-write-target.decomposition.contract (EWP-02 / WB-1) Unified Execute path writes PlanVersion / ledger / problem / materializer / trip revision","invocations":1,"location":null,"numPassingAsserts":7,"retryReasons":[],"startAt":1784888172311,"status":"passed","title":"Unified Execute path writes PlanVersion / ledger / problem / materializer / trip revision"},{"ancestorTitles":["mixed-write-target.decomposition.contract (EWP-02 / WB-1)"],"duration":1,"failing":false,"failureDetails":[],"failureMessages":[],"fullName":"mixed-write-target.decomposition.contract (EWP-02 / WB-1) Actions Commit path uses action registry, agentActionLog, sideEffectRegistry, dedup","invocations":1,"location":null,"numPassingAsserts":6,"retryReasons":[],"startAt":1784888172313,"status":"passed","title":"Actions Commit path uses action registry, agentActionLog, sideEffectRegistry, dedup"}],"endTime":1784888172315,"message":"","name":"/home/devbox/project/src/agent/contracts/mixed-write-target.decomposition.contract.spec.ts","startTime":1784888172223,"status":"passed","summary":""},{"assertionResults":[{"ancestorTitles":["ortools-planning-lab-compare.sample (EWP-05)"],"duration":5,"failing":false,"failureDetails":[],"failureMessages":[],"fullName":"ortools-planning-lab-compare.sample (EWP-05) writes sample artifact with shadowAuthority false","invocations":1,"location":null,"numPassingAsserts":3,"retryReasons":[],"startAt":1784888172396,"status":"passed","title":"writes sample artifact with shadowAuthority false"}],"endTime":1784888172402,"message":"","name":"/home/devbox/project/src/decision-runtime/solver/lab/ortools-planning-lab-compare.sample.spec.ts","startTime":1784888172324,"status":"passed","summary":""},{"assertionResults":[{"ancestorTitles":["bff-client-contract.index (BFF-1)"],"duration":2,"failing":false,"failureDetails":[],"failureMessages":[],"fullName":"bff-client-contract.index (BFF-1) is versioned 1.1.0 with dual pins","invocations":1,"location":null,"numPassingAsserts":5,"retryReasons":[],"startAt":1784888172494,"status":"passed","title":"is versioned 1.1.0 with dual pins"},{"ancestorTitles":["bff-client-contract.index (BFF-1)"],"duration":1,"failing":false,"failureDetails":[],"failureMessages":[],"fullName":"bff-client-contract.index (BFF-1) every indexed path exists in the repo","invocations":1,"location":null,"numPassingAsserts":15,"retryReasons":[],"startAt":1784888172497,"status":"passed","title":"every indexed path exists in the repo"},{"ancestorTitles":["bff-client-contract.index (BFF-1)"],"duration":1,"failing":false,"failureDetails":[],"failureMessages":[],"fullName":"bff-client-contract.index (BFF-1) pins historical OpenAPI generation meta AND delta index to engineering baseline","invocations":1,"location":null,"numPassingAsserts":4,"retryReasons":[],"startAt":1784888172499,"status":"passed","title":"pins historical OpenAPI generation meta AND delta index to engineering baseline"},{"ancestorTitles":["bff-client-contract.index (BFF-1)"],"duration":1,"failing":false,"failureDetails":[],"failureMessages":[],"fullName":"bff-client-contract.index (BFF-1) includes Arrange dual-signal note and TravelContext HTTP surface","invocations":1,"location":null,"numPassingAsserts":3,"retryReasons":[],"startAt":1784888172500,"status":"passed","title":"includes Arrange dual-signal note and TravelContext HTTP surface"},{"ancestorTitles":["bff-client-contract.index (BFF-1)"],"duration":0,"failing":false,"failureDetails":[],"failureMessages":[],"fullName":"bff-client-contract.index (BFF-1) does not claim production client source in index notes","invocations":1,"location":null,"numPassingAsserts":1,"retryReasons":[],"startAt":1784888172501,"status":"passed","title":"does not claim production client source in index notes"}],"endTime":1784888172502,"message":"","name":"/home/devbox/project/src/agent/contracts/bff-client-contract.index.spec.ts","startTime":1784888172407,"status":"passed","summary":""},{"assertionResults":[{"ancestorTitles":["OrToolsShadowMetricsCollector"],"duration":3,"failing":false,"failureDetails":[],"failureMessages":[],"fullName":"OrToolsShadowMetricsCollector aggregates Neptune vs OR-Tools shadow runs","invocations":1,"location":null,"numPassingAsserts":8,"retryReasons":[],"startAt":1784888172650,"status":"passed","title":"aggregates Neptune vs OR-Tools shadow runs"}],"endTime":1784888172654,"message":"","name":"/home/devbox/project/src/decision-runtime/solver/observability/ortools-shadow-metrics.collector.spec.ts","startTime":1784888172507,"status":"passed","summary":""},{"assertionResults":[{"ancestorTitles":["Unified Execute idempotency contract"],"duration":2,"failing":false,"failureDetails":[],"failureMessages":[],"fullName":"Unified Execute idempotency contract buildPlanVersionIdempotencyKey is stable for same trip+decision","invocations":1,"location":null,"numPassingAsserts":2,"retryReasons":[],"startAt":1784888172887,"status":"passed","title":"buildPlanVersionIdempotencyKey is stable for same trip+decision"},{"ancestorTitles":["Unified Execute idempotency contract"],"duration":0,"failing":false,"failureDetails":[],"failureMessages":[],"fullName":"Unified Execute idempotency contract buildPlanVersionIdempotencyKey differs across decisions","invocations":1,"location":null,"numPassingAsserts":1,"retryReasons":[],"startAt":1784888172890,"status":"passed","title":"buildPlanVersionIdempotencyKey differs across decisions"},{"ancestorTitles":["Unified Execute idempotency contract"],"duration":1,"failing":false,"failureDetails":[],"failureMessages":[],"fullName":"Unified Execute idempotency contract controller source wires Idempotency-Key header into gateway.execute","invocations":1,"location":null,"numPassingAsserts":3,"retryReasons":[],"startAt":1784888172890,"status":"passed","title":"controller source wires Idempotency-Key header into gateway.execute"}],"endTime":1784888172892,"message":"","name":"/home/devbox/project/src/decision-runtime/gateway/contracts/unified-execute-idempotency.contract.spec.ts","startTime":1784888172659,"status":"passed","summary":""},{"assertionResults":[{"ancestorTitles":["Actions Commit idempotency contract"],"duration":2,"failing":false,"failureDetails":[],"failureMessages":[],"fullName":"Actions Commit idempotency contract generic dedup cache returns same payload on second check","invocations":1,"location":null,"numPassingAsserts":1,"retryReasons":[],"startAt":1784888173055,"status":"passed","title":"generic dedup cache returns same payload on second check"},{"ancestorTitles":["Actions Commit idempotency contract"],"duration":6,"failing":false,"failureDetails":[],"failureMessages":[],"fullName":"Actions Commit idempotency contract commit source requires idempotency_key for strict side effects and builds dedup key","invocations":1,"location":null,"numPassingAsserts":5,"retryReasons":[],"startAt":1784888173058,"status":"passed","title":"commit source requires idempotency_key for strict side effects and builds dedup key"}],"endTime":1784888173065,"message":"","name":"/home/devbox/project/src/agent/contracts/actions-commit-idempotency.contract.spec.ts","startTime":1784888172902,"status":"passed","summary":""},{"assertionResults":[{"ancestorTitles":["arrange-apply-stale.dual-signal.contract (CC-1)"],"duration":3,"failing":false,"failureDetails":[],"failureMessages":[],"fullName":"arrange-apply-stale.dual-signal.contract (CC-1) exports dual-signal SSOT","invocations":1,"location":null,"numPassingAsserts":4,"retryReasons":[],"startAt":1784888173145,"status":"passed","title":"exports dual-signal SSOT"},{"ancestorTitles":["arrange-apply-stale.dual-signal.contract (CC-1)"],"duration":1,"failing":false,"failureDetails":[],"failureMessages":[],"fullName":"arrange-apply-stale.dual-signal.contract (CC-1) facade source uses both phase and HTTP error code","invocations":1,"location":null,"numPassingAsserts":2,"retryReasons":[],"startAt":1784888173148,"status":"passed","title":"facade source uses both phase and HTTP error code"},{"ancestorTitles":["arrange-apply-stale.dual-signal.contract (CC-1)"],"duration":2,"failing":false,"failureDetails":[],"failureMessages":[],"fullName":"arrange-apply-stale.dual-signal.contract (CC-1) API + iOS handoff document dual-signal (not CONTEXT_STALE as HTTP code)","invocations":1,"location":null,"numPassingAsserts":7,"retryReasons":[],"startAt":1784888173149,"status":"passed","title":"API + iOS handoff document dual-signal (not CONTEXT_STALE as HTTP code)"}],"endTime":1784888173152,"message":"","name":"/home/devbox/project/src/agent/contracts/arrange-apply-stale.dual-signal.contract.spec.ts","startTime":1784888173070,"status":"passed","summary":""},{"assertionResults":[{"ancestorTitles":["claude-exec-route-and-run.contract (AO-04)"],"duration":2,"failing":false,"failureDetails":[],"failureMessages":[],"fullName":"claude-exec-route-and-run.contract (AO-04) extractOrchestratorStateFromRouteAndRunResponse returns nested state","invocations":1,"location":null,"numPassingAsserts":1,"retryReasons":[],"startAt":1784888173229,"status":"passed","title":"extractOrchestratorStateFromRouteAndRunResponse returns nested state"},{"ancestorTitles":["claude-exec-route-and-run.contract (AO-04)"],"duration":1,"failing":false,"failureDetails":[],"failureMessages":[],"fullName":"claude-exec-route-and-run.contract (AO-04) validateAo04RouteAndRunContract passes for minimal valid response","invocations":1,"location":null,"numPassingAsserts":2,"retryReasons":[],"startAt":1784888173231,"status":"passed","title":"validateAo04RouteAndRunContract passes for minimal valid response"},{"ancestorTitles":["claude-exec-route-and-run.contract (AO-04)"],"duration":1,"failing":false,"failureDetails":[],"failureMessages":[],"fullName":"claude-exec-route-and-run.contract (AO-04) validateAo04RouteAndRunContract requires decision_log and errors arrays","invocations":1,"location":null,"numPassingAsserts":3,"retryReasons":[],"startAt":1784888173232,"status":"passed","title":"validateAo04RouteAndRunContract requires decision_log and errors arrays"},{"ancestorTitles":["claude-exec-route-and-run.contract (AO-04)"],"duration":1,"failing":false,"failureDetails":[],"failureMessages":[],"fullName":"claude-exec-route-and-run.contract (AO-04) validateAo04RouteAndRunContract validates gate_result shape when present","invocations":1,"location":null,"numPassingAsserts":2,"retryReasons":[],"startAt":1784888173233,"status":"passed","title":"validateAo04RouteAndRunContract validates gate_result shape when present"},{"ancestorTitles":["claude-exec-route-and-run.contract (AO-04)"],"duration":1,"failing":false,"failureDetails":[],"failureMessages":[],"fullName":"claude-exec-route-and-run.contract (AO-04) rejects gate_result.gate_result when not in claude_exec allowed set","invocations":1,"location":null,"numPassingAsserts":3,"retryReasons":[],"startAt":1784888173234,"status":"passed","title":"rejects gate_result.gate_result when not in claude_exec allowed set"},{"ancestorTitles":["claude-exec-route-and-run.contract (AO-04)"],"duration":1,"failing":false,"failureDetails":[],"failureMessages":[],"fullName":"claude-exec-route-and-run.contract (AO-04) rejects gate_result.violations entries missing claude_exec §1 fields","invocations":1,"location":null,"numPassingAsserts":2,"retryReasons":[],"startAt":1784888173235,"status":"passed","title":"rejects gate_result.violations entries missing claude_exec §1 fields"},{"ancestorTitles":["claude-exec-route-and-run.contract (AO-04)"],"duration":1,"failing":false,"failureDetails":[],"failureMessages":[],"fullName":"claude-exec-route-and-run.contract (AO-04) rejects gate_result.required_adjustments entries missing action or why","invocations":1,"location":null,"numPassingAsserts":3,"retryReasons":[],"startAt":1784888173236,"status":"passed","title":"rejects gate_result.required_adjustments entries missing action or why"},{"ancestorTitles":["claude-exec-route-and-run.contract (AO-04)"],"duration":0,"failing":false,"failureDetails":[],"failureMessages":[],"fullName":"claude-exec-route-and-run.contract (AO-04) rejects gate_result.evidence_refs when not an array","invocations":1,"location":null,"numPassingAsserts":2,"retryReasons":[],"startAt":1784888173237,"status":"passed","title":"rejects gate_result.evidence_refs when not an array"},{"ancestorTitles":["claude-exec-route-and-run.contract (AO-04)"],"duration":0,"failing":false,"failureDetails":[],"failureMessages":[],"fullName":"claude-exec-route-and-run.contract (AO-04) rejects gate_result.confidence when not a number","invocations":1,"location":null,"numPassingAsserts":2,"retryReasons":[],"startAt":1784888173238,"status":"passed","title":"rejects gate_result.confidence when not a number"},{"ancestorTitles":["claude-exec-route-and-run.contract (AO-04)"],"duration":1,"failing":false,"failureDetails":[],"failureMessages":[],"fullName":"claude-exec-route-and-run.contract (AO-04) warns on decision_log entries missing CLAUDE_EXEC §4 fields (non-blocking)","invocations":1,"location":null,"numPassingAsserts":3,"retryReasons":[],"startAt":1784888173238,"status":"passed","title":"warns on decision_log entries missing CLAUDE_EXEC §4 fields (non-blocking)"},{"ancestorTitles":["claude-exec-route-and-run.contract (AO-04)"],"duration":1,"failing":false,"failureDetails":[],"failureMessages":[],"fullName":"claude-exec-route-and-run.contract (AO-04) AO04_ROUTE_AND_RUN_STRICT merges warnings into errors","invocations":1,"location":null,"numPassingAsserts":2,"retryReasons":[],"startAt":1784888173239,"status":"passed","title":"AO04_ROUTE_AND_RUN_STRICT merges warnings into errors"},{"ancestorTitles":["claude-exec-route-and-run.contract (AO-04)"],"duration":1,"failing":false,"failureDetails":[],"failureMessages":[],"fullName":"claude-exec-route-and-run.contract (AO-04) warns on BLOCK without alternatives (CLAUDE_EXEC guidance)","invocations":1,"location":null,"numPassingAsserts":2,"retryReasons":[],"startAt":1784888173240,"status":"passed","title":"warns on BLOCK without alternatives (CLAUDE_EXEC guidance)"},{"ancestorTitles":["claude-exec-route-and-run.contract (AO-04)"],"duration":0,"failing":false,"failureDetails":[],"failureMessages":[],"fullName":"claude-exec-route-and-run.contract (AO-04) countOrchestratorAlternatives sums POI and route slots","invocations":1,"location":null,"numPassingAsserts":1,"retryReasons":[],"startAt":1784888173241,"status":"passed","title":"countOrchestratorAlternatives sums POI and route slots"},{"ancestorTitles":["claude-exec-route-and-run.contract (AO-04)"],"duration":0,"failing":false,"failureDetails":[],"failureMessages":[],"fullName":"claude-exec-route-and-run.contract (AO-04) validates optional todo_verification_list when present on state","invocations":1,"location":null,"numPassingAsserts":1,"retryReasons":[],"startAt":1784888173242,"status":"passed","title":"validates optional todo_verification_list when present on state"},{"ancestorTitles":["claude-exec-route-and-run.contract (AO-04)"],"duration":1,"failing":false,"failureDetails":[],"failureMessages":[],"fullName":"claude-exec-route-and-run.contract (AO-04) rejects todo_verification_list item with non-string field","invocations":1,"location":null,"numPassingAsserts":1,"retryReasons":[],"startAt":1784888173242,"status":"passed","title":"rejects todo_verification_list item with non-string field"},{"ancestorTitles":["claude-exec-route-and-run.contract (AO-04)"],"duration":1,"failing":false,"failureDetails":[],"failureMessages":[],"fullName":"claude-exec-route-and-run.contract (AO-04) validates itinerary.items evidence_refs and type when itinerary present","invocations":1,"location":null,"numPassingAsserts":2,"retryReasons":[],"startAt":1784888173243,"status":"passed","title":"validates itinerary.items evidence_refs and type when itinerary present"}],"endTime":1784888173245,"message":"","name":"/home/devbox/project/src/agent/contracts/claude-exec-route-and-run.contract.spec.ts","startTime":1784888173156,"status":"passed","summary":""},{"assertionResults":[{"ancestorTitles":["travel-context-projection.contract (EWP-01)"],"duration":2,"failing":false,"failureDetails":[],"failureMessages":[],"fullName":"travel-context-projection.contract (EWP-01) runtime SSOT remains OS∥DSO; TravelContext is target","invocations":1,"location":null,"numPassingAsserts":2,"retryReasons":[],"startAt":1784888173329,"status":"passed","title":"runtime SSOT remains OS∥DSO; TravelContext is target"},{"ancestorTitles":["travel-context-projection.contract (EWP-01)"],"duration":1,"failing":false,"failureDetails":[],"failureMessages":[],"fullName":"travel-context-projection.contract (EWP-01) no global contextHash on main chain","invocations":1,"location":null,"numPassingAsserts":1,"retryReasons":[],"startAt":1784888173331,"status":"passed","title":"no global contextHash on main chain"},{"ancestorTitles":["travel-context-projection.contract (EWP-01)"],"duration":1,"failing":false,"failureDetails":[],"failureMessages":[],"fullName":"travel-context-projection.contract (EWP-01) CTX-1 inventory includes TravelContext revision fields and main-chain no-global row","invocations":1,"location":null,"numPassingAsserts":3,"retryReasons":[],"startAt":1784888173332,"status":"passed","title":"CTX-1 inventory includes TravelContext revision fields and main-chain no-global row"},{"ancestorTitles":["travel-context-projection.contract (EWP-01)"],"duration":0,"failing":false,"failureDetails":[],"failureMessages":[],"fullName":"travel-context-projection.contract (EWP-01) TravelContext snapshot types use revision / snapshotId, not contextHash","invocations":1,"location":null,"numPassingAsserts":1,"retryReasons":[],"startAt":1784888173333,"status":"passed","title":"TravelContext snapshot types use revision / snapshotId, not contextHash"},{"ancestorTitles":["travel-context-projection.contract (EWP-01)"],"duration":0,"failing":false,"failureDetails":[],"failureMessages":[],"fullName":"travel-context-projection.contract (EWP-01) Page Insight local contextHash service exists separately","invocations":1,"location":null,"numPassingAsserts":1,"retryReasons":[],"startAt":1784888173334,"status":"passed","title":"Page Insight local contextHash service exists separately"},{"ancestorTitles":["travel-context-projection.contract (EWP-01)"],"duration":1,"failing":false,"failureDetails":[],"failureMessages":[],"fullName":"travel-context-projection.contract (EWP-01) CURRENT_SSOT_STATUS.md exists","invocations":1,"location":null,"numPassingAsserts":1,"retryReasons":[],"startAt":1784888173334,"status":"passed","title":"CURRENT_SSOT_STATUS.md exists"}],"endTime":1784888173336,"message":"","name":"/home/devbox/project/src/agent/contracts/travel-context-projection.contract.spec.ts","startTime":1784888173249,"status":"passed","summary":""},{"assertionResults":[{"ancestorTitles":["bff-client-contract.matrix (EWP-07 / BFF-1)"],"duration":2,"failing":false,"failureDetails":[],"failureMessages":[],"fullName":"bff-client-contract.matrix (EWP-07 / BFF-1) evidence pack states NestJS BFF/API without production client source","invocations":1,"location":null,"numPassingAsserts":2,"retryReasons":[],"startAt":1784888173415,"status":"passed","title":"evidence pack states NestJS BFF/API without production client source"},{"ancestorTitles":["bff-client-contract.matrix (EWP-07 / BFF-1)"],"duration":1,"failing":false,"failureDetails":[],"failureMessages":[],"fullName":"bff-client-contract.matrix (EWP-07 / BFF-1) main.ts uses Nest globalPrefix api","invocations":1,"location":null,"numPassingAsserts":1,"retryReasons":[],"startAt":1784888173418,"status":"passed","title":"main.ts uses Nest globalPrefix api"},{"ancestorTitles":["bff-client-contract.matrix (EWP-07 / BFF-1)"],"duration":2,"failing":false,"failureDetails":[],"failureMessages":[],"fullName":"bff-client-contract.matrix (EWP-07 / BFF-1) BFF-1 index covers core client contract anchors","invocations":1,"location":null,"numPassingAsserts":16,"retryReasons":[],"startAt":1784888173419,"status":"passed","title":"BFF-1 index covers core client contract anchors"},{"ancestorTitles":["bff-client-contract.matrix (EWP-07 / BFF-1)"],"duration":1,"failing":false,"failureDetails":[],"failureMessages":[],"fullName":"bff-client-contract.matrix (EWP-07 / BFF-1) travel-context controller is under HTTP module (BFF/API surface)","invocations":1,"location":null,"numPassingAsserts":1,"retryReasons":[],"startAt":1784888173421,"status":"passed","title":"travel-context controller is under HTTP module (BFF/API surface)"},{"ancestorTitles":["bff-client-contract.matrix (EWP-07 / BFF-1)"],"duration":1,"failing":false,"failureDetails":[],"failureMessages":[],"fullName":"bff-client-contract.matrix (EWP-07 / BFF-1) OpenAPI pin matches v1 fact-pack freeze commit and engineering baseline is distinct","invocations":1,"location":null,"numPassingAsserts":1,"retryReasons":[],"startAt":1784888173422,"status":"passed","title":"OpenAPI pin matches v1 fact-pack freeze commit and engineering baseline is distinct"}],"endTime":1784888173424,"message":"","name":"/home/devbox/project/src/agent/contracts/bff-client-contract.matrix.spec.ts","startTime":1784888173340,"status":"passed","summary":""},{"assertionResults":[{"ancestorTitles":["writeback-corridor-audit.matrix"],"duration":3,"failing":false,"failureDetails":[],"failureMessages":[],"fullName":"writeback-corridor-audit.matrix includes ITINERARY_ADJUST with trip_itinerary_item persistence and narrow AUTO","invocations":1,"location":null,"numPassingAsserts":2,"retryReasons":[],"startAt":1784888173506,"status":"passed","title":"includes ITINERARY_ADJUST with trip_itinerary_item persistence and narrow AUTO"},{"ancestorTitles":["writeback-corridor-audit.matrix"],"duration":1,"failing":false,"failureDetails":[],"failureMessages":[],"fullName":"writeback-corridor-audit.matrix marks Iceland apply as plan_version without AUTO","invocations":1,"location":null,"numPassingAsserts":2,"retryReasons":[],"startAt":1784888173509,"status":"passed","title":"marks Iceland apply as plan_version without AUTO"},{"ancestorTitles":["writeback-corridor-audit.matrix"],"duration":3,"failing":false,"failureDetails":[],"failureMessages":[],"fullName":"writeback-corridor-audit.matrix WB-1: version 1.1.0 and mixed Unified/Actions carry mixedTargets (C022b/c)","invocations":1,"location":null,"numPassingAsserts":12,"retryReasons":[],"startAt":1784888173510,"status":"passed","title":"WB-1: version 1.1.0 and mixed Unified/Actions carry mixedTargets (C022b/c)"},{"ancestorTitles":["writeback-corridor-audit.matrix"],"duration":1,"failing":false,"failureDetails":[],"failureMessages":[],"fullName":"writeback-corridor-audit.matrix WB-1: mobile mixed remains undecomposed (no invented targets)","invocations":1,"location":null,"numPassingAsserts":2,"retryReasons":[],"startAt":1784888173513,"status":"passed","title":"WB-1: mobile mixed remains undecomposed (no invented targets)"}],"endTime":1784888173515,"message":"","name":"/home/devbox/project/src/agent/contracts/writeback-corridor-audit.matrix.spec.ts","startTime":1784888173432,"status":"passed","summary":""},{"assertionResults":[{"ancestorTitles":["client-protocol-handoff.inventory.contract (EWP-06)"],"duration":6,"failing":false,"failureDetails":[],"failureMessages":[],"fullName":"client-protocol-handoff.inventory.contract (EWP-06) required handoff / contract files exist","invocations":1,"location":null,"numPassingAsserts":6,"retryReasons":[],"startAt":1784888173587,"status":"passed","title":"required handoff / contract files exist"},{"ancestorTitles":["client-protocol-handoff.inventory.contract (EWP-06)"],"duration":1,"failing":false,"failureDetails":[],"failureMessages":[],"fullName":"client-protocol-handoff.inventory.contract (EWP-06) page-ai-contracts exports contextHashFields","invocations":1,"location":null,"numPassingAsserts":1,"retryReasons":[],"startAt":1784888173594,"status":"passed","title":"page-ai-contracts exports contextHashFields"},{"ancestorTitles":["client-protocol-handoff.inventory.contract (EWP-06)"],"duration":2,"failing":false,"failureDetails":[],"failureMessages":[],"fullName":"client-protocol-handoff.inventory.contract (EWP-06) repository has no production Swift sources","invocations":1,"location":null,"numPassingAsserts":1,"retryReasons":[],"startAt":1784888173595,"status":"passed","title":"repository has no production Swift sources"},{"ancestorTitles":["client-protocol-handoff.inventory.contract (EWP-06)"],"duration":1,"failing":false,"failureDetails":[],"failureMessages":[],"fullName":"client-protocol-handoff.inventory.contract (EWP-06) reference frontend-*-api-client.ts samples exist","invocations":1,"location":null,"numPassingAsserts":2,"retryReasons":[],"startAt":1784888173597,"status":"passed","title":"reference frontend-*-api-client.ts samples exist"}],"endTime":1784888173599,"message":"","name":"/home/devbox/project/src/agent/contracts/client-protocol-handoff.inventory.contract.spec.ts","startTime":1784888173519,"status":"passed","summary":""},{"assertionResults":[{"ancestorTitles":["cross-corridor-concurrency.contract (EWP-04)"],"duration":2,"failing":false,"failureDetails":[],"failureMessages":[],"fullName":"cross-corridor-concurrency.contract (EWP-04) documents no global contextHash on main chain","invocations":1,"location":null,"numPassingAsserts":1,"retryReasons":[],"startAt":1784888173679,"status":"passed","title":"documents no global contextHash on main chain"},{"ancestorTitles":["cross-corridor-concurrency.contract (EWP-04)"],"duration":0,"failing":false,"failureDetails":[],"failureMessages":[],"fullName":"cross-corridor-concurrency.contract (EWP-04) TEP stale signal is STALE_REPAIR_OPTION","invocations":1,"location":null,"numPassingAsserts":1,"retryReasons":[],"startAt":1784888173682,"status":"passed","title":"TEP stale signal is STALE_REPAIR_OPTION"},{"ancestorTitles":["cross-corridor-concurrency.contract (EWP-04)"],"duration":1,"failing":false,"failureDetails":[],"failureMessages":[],"fullName":"cross-corridor-concurrency.contract (EWP-04) Arrange apply sets CONTEXT_STALE phase and throws CONTEXT_VERSION_CONFLICT","invocations":1,"location":null,"numPassingAsserts":4,"retryReasons":[],"startAt":1784888173683,"status":"passed","title":"Arrange apply sets CONTEXT_STALE phase and throws CONTEXT_VERSION_CONFLICT"},{"ancestorTitles":["cross-corridor-concurrency.contract (EWP-04)"],"duration":1,"failing":false,"failureDetails":[],"failureMessages":[],"fullName":"cross-corridor-concurrency.contract (EWP-04) Phase2 route_and_run stale concurrency e2e file exists","invocations":1,"location":null,"numPassingAsserts":2,"retryReasons":[],"startAt":1784888173684,"status":"passed","title":"Phase2 route_and_run stale concurrency e2e file exists"},{"ancestorTitles":["cross-corridor-concurrency.contract (EWP-04)"],"duration":1,"failing":false,"failureDetails":[],"failureMessages":[],"fullName":"cross-corridor-concurrency.contract (EWP-04) Mobile spatial/planning conflict codes appear in service sources","invocations":1,"location":null,"numPassingAsserts":1,"retryReasons":[],"startAt":1784888173685,"status":"passed","title":"Mobile spatial/planning conflict codes appear in service sources"},{"ancestorTitles":["cross-corridor-concurrency.contract (EWP-04)"],"duration":1,"failing":false,"failureDetails":[],"failureMessages":[],"fullName":"cross-corridor-concurrency.contract (EWP-04) does not invent a cross-corridor concurrent write suite path","invocations":1,"location":null,"numPassingAsserts":1,"retryReasons":[],"startAt":1784888173686,"status":"passed","title":"does not invent a cross-corridor concurrent write suite path"}],"endTime":1784888173688,"message":"","name":"/home/devbox/project/src/agent/contracts/cross-corridor-concurrency.contract.spec.ts","startTime":1784888173604,"status":"passed","summary":""},{"assertionResults":[{"ancestorTitles":["Orchestration Main Chain Protocol contract"],"duration":2,"failing":false,"failureDetails":[],"failureMessages":[],"fullName":"Orchestration Main Chain Protocol contract freezes protocol version envelope","invocations":1,"location":null,"numPassingAsserts":1,"retryReasons":[],"startAt":1784888173787,"status":"passed","title":"freezes protocol version envelope"},{"ancestorTitles":["Orchestration Main Chain Protocol contract"],"duration":1,"failing":false,"failureDetails":[],"failureMessages":[],"fullName":"Orchestration Main Chain Protocol contract pre_plan order matches runner PRE_PLAN_NODE_ORDER","invocations":1,"location":null,"numPassingAsserts":2,"retryReasons":[],"startAt":1784888173790,"status":"passed","title":"pre_plan order matches runner PRE_PLAN_NODE_ORDER"},{"ancestorTitles":["Orchestration Main Chain Protocol contract"],"duration":0,"failing":false,"failureDetails":[],"failureMessages":[],"fullName":"Orchestration Main Chain Protocol contract plan_verify entry is optimize","invocations":1,"location":null,"numPassingAsserts":2,"retryReasons":[],"startAt":1784888173792,"status":"passed","title":"plan_verify entry is optimize"},{"ancestorTitles":["Orchestration Main Chain Protocol contract"],"duration":1,"failing":false,"failureDetails":[],"failureMessages":[],"fullName":"Orchestration Main Chain Protocol contract static edges cover pre_plan happy path and post_plan","invocations":1,"location":null,"numPassingAsserts":10,"retryReasons":[],"startAt":1784888173793,"status":"passed","title":"static edges cover pre_plan happy path and post_plan"},{"ancestorTitles":["Orchestration Main Chain Protocol contract"],"duration":1,"failing":false,"failureDetails":[],"failureMessages":[],"fullName":"Orchestration Main Chain Protocol contract plan_verify edges include repair loop and RETURN_TO_RESEARCH","invocations":1,"location":null,"numPassingAsserts":4,"retryReasons":[],"startAt":1784888173794,"status":"passed","title":"plan_verify edges include repair loop and RETURN_TO_RESEARCH"},{"ancestorTitles":["Orchestration Main Chain Protocol contract"],"duration":0,"failing":false,"failureDetails":[],"failureMessages":[],"fullName":"Orchestration Main Chain Protocol contract observed node order contains all post_plan nodes","invocations":1,"location":null,"numPassingAsserts":5,"retryReasons":[],"startAt":1784888173796,"status":"passed","title":"observed node order contains all post_plan nodes"},{"ancestorTitles":["Orchestration Main Chain Protocol contract"],"duration":1,"failing":false,"failureDetails":[],"failureMessages":[],"fullName":"Orchestration Main Chain Protocol contract short-circuits and user-confirm points are non-empty frozen inventories","invocations":1,"location":null,"numPassingAsserts":4,"retryReasons":[],"startAt":1784888173797,"status":"passed","title":"short-circuits and user-confirm points are non-empty frozen inventories"},{"ancestorTitles":["Orchestration Main Chain Protocol contract"],"duration":1,"failing":false,"failureDetails":[],"failureMessages":[],"fullName":"Orchestration Main Chain Protocol contract happy-path next map includes main-chain static edges","invocations":1,"location":null,"numPassingAsserts":3,"retryReasons":[],"startAt":1784888173798,"status":"passed","title":"happy-path next map includes main-chain static edges"},{"ancestorTitles":["Orchestration Main Chain Protocol contract"],"duration":1,"failing":false,"failureDetails":[],"failureMessages":[],"fullName":"Orchestration Main Chain Protocol contract post_plan order is narrate → feedback → hallucination","invocations":1,"location":null,"numPassingAsserts":7,"retryReasons":[],"startAt":1784888173799,"status":"passed","title":"post_plan order is narrate → feedback → hallucination"},{"ancestorTitles":["Orchestration Main Chain Protocol contract"],"duration":4,"failing":false,"failureDetails":[],"failureMessages":[],"fullName":"Orchestration Main Chain Protocol contract plan_verify nodes include optimize → verify ⇄ repair","invocations":1,"location":null,"numPassingAsserts":1,"retryReasons":[],"startAt":1784888173801,"status":"passed","title":"plan_verify nodes include optimize → verify ⇄ repair"},{"ancestorTitles":["Verify-Repair budget contract (governance defaults)"],"duration":1,"failing":false,"failureDetails":[],"failureMessages":[],"fullName":"Verify-Repair budget contract (governance defaults) freezes Main REPAIR max at 3 and RETURN_TO_RESEARCH max at 1","invocations":1,"location":null,"numPassingAsserts":4,"retryReasons":[],"startAt":1784888173805,"status":"passed","title":"freezes Main REPAIR max at 3 and RETURN_TO_RESEARCH max at 1"}],"endTime":1784888173808,"message":"","name":"/home/devbox/project/src/agent/orchestration/orchestration-main-chain-protocol.contract.spec.ts","startTime":1784888173697,"status":"passed","summary":""},{"assertionResults":[{"ancestorTitles":["rollback-compensation.corridor.matrix (EWP-03 / RB-1)"],"duration":3,"failing":false,"failureDetails":[],"failureMessages":[],"fullName":"rollback-compensation.corridor.matrix (EWP-03 / RB-1) Unified exposes HTTP rollback and executor implements rollback","invocations":1,"location":null,"numPassingAsserts":3,"retryReasons":[],"startAt":1784888173886,"status":"passed","title":"Unified exposes HTTP rollback and executor implements rollback"},{"ancestorTitles":["rollback-compensation.corridor.matrix (EWP-03 / RB-1)"],"duration":2,"failing":false,"failureDetails":[],"failureMessages":[],"fullName":"rollback-compensation.corridor.matrix (EWP-03 / RB-1) Actions rollback is an explicit stub with no side effects","invocations":1,"location":null,"numPassingAsserts":4,"retryReasons":[],"startAt":1784888173889,"status":"passed","title":"Actions rollback is an explicit stub with no side effects"},{"ancestorTitles":["rollback-compensation.corridor.matrix (EWP-03 / RB-1)"],"duration":1,"failing":false,"failureDetails":[],"failureMessages":[],"fullName":"rollback-compensation.corridor.matrix (EWP-03 / RB-1) route_and_run itinerary revision rollback is wired on AgentController","invocations":1,"location":null,"numPassingAsserts":3,"retryReasons":[],"startAt":1784888173891,"status":"passed","title":"route_and_run itinerary revision rollback is wired on AgentController"},{"ancestorTitles":["rollback-compensation.corridor.matrix (EWP-03 / RB-1)"],"duration":0,"failing":false,"failureDetails":[],"failureMessages":[],"fullName":"rollback-compensation.corridor.matrix (EWP-03 / RB-1) TEP repair apply has failure-path materialization compensation","invocations":1,"location":null,"numPassingAsserts":1,"retryReasons":[],"startAt":1784888173893,"status":"passed","title":"TEP repair apply has failure-path materialization compensation"},{"ancestorTitles":["rollback-compensation.corridor.matrix (EWP-03 / RB-1)"],"duration":0,"failing":false,"failureDetails":[],"failureMessages":[],"fullName":"rollback-compensation.corridor.matrix (EWP-03 / RB-1) Arrange discard exists as pre-apply compensation only (source mention)","invocations":1,"location":null,"numPassingAsserts":1,"retryReasons":[],"startAt":1784888173894,"status":"passed","title":"Arrange discard exists as pre-apply compensation only (source mention)"}],"endTime":1784888173896,"message":"","name":"/home/devbox/project/src/agent/contracts/rollback-compensation.corridor.matrix.spec.ts","startTime":1784888173812,"status":"passed","summary":""},{"assertionResults":[{"ancestorTitles":["actions-rollback-stub.product.contract (RB-1)"],"duration":2,"failing":false,"failureDetails":[],"failureMessages":[],"fullName":"actions-rollback-stub.product.contract (RB-1) exports STUB_NO_SIDE_EFFECTS product status and message","invocations":1,"location":null,"numPassingAsserts":4,"retryReasons":[],"startAt":1784888173981,"status":"passed","title":"exports STUB_NO_SIDE_EFFECTS product status and message"},{"ancestorTitles":["actions-rollback-stub.product.contract (RB-1)"],"duration":2,"failing":false,"failureDetails":[],"failureMessages":[],"fullName":"actions-rollback-stub.product.contract (RB-1) service and controller wire stub constants","invocations":1,"location":null,"numPassingAsserts":6,"retryReasons":[],"startAt":1784888173984,"status":"passed","title":"service and controller wire stub constants"},{"ancestorTitles":["actions-rollback-stub.product.contract (RB-1)"],"duration":1,"failing":false,"failureDetails":[],"failureMessages":[],"fullName":"actions-rollback-stub.product.contract (RB-1) rollback() body does not invoke compensating writers","invocations":1,"location":null,"numPassingAsserts":6,"retryReasons":[],"startAt":1784888173987,"status":"passed","title":"rollback() body does not invoke compensating writers"}],"endTime":1784888173990,"message":"","name":"/home/devbox/project/src/agent/contracts/actions-rollback-stub.product.contract.spec.ts","startTime":1784888173903,"status":"passed","summary":""},{"assertionResults":[{"ancestorTitles":["ortools-planning-shadow-apply.guard"],"duration":2,"failing":false,"failureDetails":[],"failureMessages":[],"fullName":"ortools-planning-shadow-apply.guard selects only proposal.changes","invocations":1,"location":null,"numPassingAsserts":2,"retryReasons":[],"startAt":1784888174066,"status":"passed","title":"selects only proposal.changes"},{"ancestorTitles":["ortools-planning-shadow-apply.guard"],"duration":1,"failing":false,"failureDetails":[],"failureMessages":[],"fullName":"ortools-planning-shadow-apply.guard detects shadow-only apply leak","invocations":1,"location":null,"numPassingAsserts":2,"retryReasons":[],"startAt":1784888174069,"status":"passed","title":"detects shadow-only apply leak"}],"endTime":1784888174071,"message":"","name":"/home/devbox/project/src/decision-runtime/solver/lab/ortools-planning-shadow-apply.guard.spec.ts","startTime":1784888173994,"status":"passed","summary":""},{"assertionResults":[{"ancestorTitles":["travel-context current SSOT status"],"duration":3,"failing":false,"failureDetails":[],"failureMessages":[],"fullName":"travel-context current SSOT status declares dual-track runtime and TravelContext as target","invocations":1,"location":null,"numPassingAsserts":3,"retryReasons":[],"startAt":1784888174142,"status":"passed","title":"declares dual-track runtime and TravelContext as target"}],"endTime":1784888174146,"message":"","name":"/home/devbox/project/src/travel-context/current-ssot-status.constants.spec.ts","startTime":1784888174075,"status":"passed","summary":""},{"assertionResults":[{"ancestorTitles":["resolveDeliveryVerdict"],"duration":2,"failing":false,"failureDetails":[],"failureMessages":[],"fullName":"resolveDeliveryVerdict maps FAILED / TIMEOUT","invocations":1,"location":null,"numPassingAsserts":2,"retryReasons":[],"startAt":1784888174222,"status":"passed","title":"maps FAILED / TIMEOUT"},{"ancestorTitles":["resolveDeliveryVerdict"],"duration":1,"failing":false,"failureDetails":[],"failureMessages":[],"fullName":"resolveDeliveryVerdict maps NEED_* and BLOCKED to BLOCKED","invocations":1,"location":null,"numPassingAsserts":3,"retryReasons":[],"startAt":1784888174225,"status":"passed","title":"maps NEED_* and BLOCKED to BLOCKED"},{"ancestorTitles":["resolveDeliveryVerdict"],"duration":1,"failing":false,"failureDetails":[],"failureMessages":[],"fullName":"resolveDeliveryVerdict maps flawed draft ahead of OK","invocations":1,"location":null,"numPassingAsserts":1,"retryReasons":[],"startAt":1784888174226,"status":"passed","title":"maps flawed draft ahead of OK"},{"ancestorTitles":["resolveDeliveryVerdict"],"duration":1,"failing":false,"failureDetails":[],"failureMessages":[],"fullName":"resolveDeliveryVerdict maps OK with soft warnings","invocations":1,"location":null,"numPassingAsserts":1,"retryReasons":[],"startAt":1784888174227,"status":"passed","title":"maps OK with soft warnings"},{"ancestorTitles":["resolveDeliveryVerdict"],"duration":1,"failing":false,"failureDetails":[],"failureMessages":[],"fullName":"resolveDeliveryVerdict maps clean OK to VERIFIED","invocations":1,"location":null,"numPassingAsserts":1,"retryReasons":[],"startAt":1784888174228,"status":"passed","title":"maps clean OK to VERIFIED"}],"endTime":1784888174230,"message":"","name":"/home/devbox/project/src/agent/delivery/types/delivery-verdict.types.spec.ts","startTime":1784888174154,"status":"passed","summary":""},{"assertionResults":[{"ancestorTitles":["route_and_run options OpenAPI freeze"],"duration":3,"failing":false,"failureDetails":[],"failureMessages":[],"fullName":"route_and_run options OpenAPI freeze freezes execution_mode enum + default ADVICE_ONLY in DTO source","invocations":1,"location":null,"numPassingAsserts":5,"retryReasons":[],"startAt":1784888174315,"status":"passed","title":"freezes execution_mode enum + default ADVICE_ONLY in DTO source"},{"ancestorTitles":["route_and_run options OpenAPI freeze"],"duration":1,"failing":false,"failureDetails":[],"failureMessages":[],"fullName":"route_and_run options OpenAPI freeze freezes allow_flawed_draft_narrate boolean in DTO source","invocations":1,"location":null,"numPassingAsserts":4,"retryReasons":[],"startAt":1784888174319,"status":"passed","title":"freezes allow_flawed_draft_narrate boolean in DTO source"}],"endTime":1784888174321,"message":"","name":"/home/devbox/project/src/agent/contracts/route-and-run-options.openapi.freeze.spec.ts","startTime":1784888174234,"status":"passed","summary":""},{"assertionResults":[{"ancestorTitles":["shouldBlockAutoApplyForFlawedDraft"],"duration":2,"failing":false,"failureDetails":[],"failureMessages":[],"fullName":"shouldBlockAutoApplyForFlawedDraft blocks when flawed_draft_narrate is true","invocations":1,"location":null,"numPassingAsserts":2,"retryReasons":[],"startAt":1784888174393,"status":"passed","title":"blocks when flawed_draft_narrate is true"},{"ancestorTitles":["shouldBlockAutoApplyForFlawedDraft"],"duration":1,"failing":false,"failureDetails":[],"failureMessages":[],"fullName":"shouldBlockAutoApplyForFlawedDraft allows when not flawed","invocations":1,"location":null,"numPassingAsserts":2,"retryReasons":[],"startAt":1784888174396,"status":"passed","title":"allows when not flawed"}],"endTime":1784888174398,"message":"","name":"/home/devbox/project/src/agent/utils/itinerary-adjust-flawed-auto-block.util.spec.ts","startTime":1784888174325,"status":"passed","summary":""},{"assertionResults":[{"ancestorTitles":["gate-verify-corridor-audit.matrix"],"duration":3,"failing":false,"failureDetails":[],"failureMessages":[],"fullName":"gate-verify-corridor-audit.matrix scopes main-chain GATE BLOCK narrowly","invocations":1,"location":null,"numPassingAsserts":2,"retryReasons":[],"startAt":1784888174479,"status":"passed","title":"scopes main-chain GATE BLOCK narrowly"},{"ancestorTitles":["gate-verify-corridor-audit.matrix"],"duration":1,"failing":false,"failureDetails":[],"failureMessages":[],"fullName":"gate-verify-corridor-audit.matrix marks independent apply corridors as canWriteWithoutMainChainGate","invocations":1,"location":null,"numPassingAsserts":3,"retryReasons":[],"startAt":1784888174483,"status":"passed","title":"marks independent apply corridors as canWriteWithoutMainChainGate"},{"ancestorTitles":["gate-verify-corridor-audit.matrix"],"duration":1,"failing":false,"failureDetails":[],"failureMessages":[],"fullName":"gate-verify-corridor-audit.matrix proves main SM corridor cannot write past GATE without main chain","invocations":1,"location":null,"numPassingAsserts":2,"retryReasons":[],"startAt":1784888174484,"status":"passed","title":"proves main SM corridor cannot write past GATE without main chain"}],"endTime":1784888174486,"message":"","name":"/home/devbox/project/src/agent/contracts/gate-verify-corridor-audit.matrix.spec.ts","startTime":1784888174406,"status":"passed","summary":""},{"assertionResults":[{"ancestorTitles":["auto-corridor-product.contract"],"duration":2,"failing":false,"failureDetails":[],"failureMessages":[],"fullName":"auto-corridor-product.contract freezes LLM cannot write DB and flawed blocks AUTO","invocations":1,"location":null,"numPassingAsserts":3,"retryReasons":[],"startAt":1784888174562,"status":"passed","title":"freezes LLM cannot write DB and flawed blocks AUTO"},{"ancestorTitles":["auto-corridor-product.contract"],"duration":1,"failing":false,"failureDetails":[],"failureMessages":[],"fullName":"auto-corridor-product.contract builds UI flags that hide auto control for flawed draft","invocations":1,"location":null,"numPassingAsserts":5,"retryReasons":[],"startAt":1784888174565,"status":"passed","title":"builds UI flags that hide auto control for flawed draft"},{"ancestorTitles":["auto-corridor-product.contract"],"duration":1,"failing":false,"failureDetails":[],"failureMessages":[],"fullName":"auto-corridor-product.contract rejects eligibility without trip or with flawed draft","invocations":1,"location":null,"numPassingAsserts":2,"retryReasons":[],"startAt":1784888174566,"status":"passed","title":"rejects eligibility without trip or with flawed draft"}],"endTime":1784888174569,"message":"","name":"/home/devbox/project/src/agent/contracts/auto-corridor-product.contract.spec.ts","startTime":1784888174490,"status":"passed","summary":""},{"assertionResults":[{"ancestorTitles":["isMemoryShellTripId"],"duration":2,"failing":false,"failureDetails":[],"failureMessages":[],"fullName":"isMemoryShellTripId accepts trip_<hex> shell ids","invocations":1,"location":null,"numPassingAsserts":2,"retryReasons":[],"startAt":1784888174644,"status":"passed","title":"accepts trip_<hex> shell ids"},{"ancestorTitles":["isMemoryShellTripId"],"duration":1,"failing":false,"failureDetails":[],"failureMessages":[],"fullName":"isMemoryShellTripId rejects UUID and empty","invocations":1,"location":null,"numPassingAsserts":3,"retryReasons":[],"startAt":1784888174647,"status":"passed","title":"rejects UUID and empty"}],"endTime":1784888174649,"message":"","name":"/home/devbox/project/src/agent/utils/memory-shell-trip-id.util.spec.ts","startTime":1784888174572,"status":"passed","summary":""}],"wasInterrupted":false}
