TN:
SF:src/rag/services/hybrid-cache.service.ts
FN:26,(anonymous_4)
FN:40,(anonymous_5)
FN:65,(anonymous_6)
FN:91,(anonymous_7)
FN:114,(anonymous_8)
FN:143,(anonymous_9)
FN:168,(anonymous_10)
FN:190,(anonymous_11)
FN:210,(anonymous_12)
FN:219,(anonymous_13)
FN:232,(anonymous_14)
FNF:11
FNH:11
FNDA:25,(anonymous_4)
FNDA:10,(anonymous_5)
FNDA:20,(anonymous_6)
FNDA:3,(anonymous_7)
FNDA:2,(anonymous_8)
FNDA:3,(anonymous_9)
FNDA:1,(anonymous_10)
FNDA:9,(anonymous_11)
FNDA:20,(anonymous_12)
FNDA:5,(anonymous_13)
FNDA:2,(anonymous_14)
DA:3,1
DA:4,1
DA:20,1
DA:21,25
DA:24,25
DA:26,25
DA:27,25
DA:28,23
DA:30,2
DA:42,10
DA:43,3
DA:44,3
DA:45,2
DA:46,1
DA:47,1
DA:50,1
DA:55,9
DA:66,20
DA:69,20
DA:70,13
DA:71,13
DA:72,12
DA:73,2
DA:76,1
DA:81,20
DA:83,20
DA:92,3
DA:95,3
DA:96,1
DA:97,1
DA:99,0
DA:104,3
DA:106,3
DA:115,2
DA:118,2
DA:119,2
DA:120,2
DA:122,0
DA:127,2
DA:128,2
DA:129,3
DA:130,2
DA:131,2
DA:135,2
DA:145,3
DA:146,3
DA:147,3
DA:148,3
DA:149,1
DA:152,0
DA:157,2
DA:158,2
DA:159,1
DA:162,1
DA:169,1
DA:172,1
DA:173,1
DA:174,1
DA:176,0
DA:181,1
DA:183,1
DA:184,1
DA:191,9
DA:193,9
DA:194,2
DA:198,7
DA:199,1
DA:200,1
DA:203,6
DA:204,6
DA:211,20
DA:212,20
DA:213,20
DA:223,5
DA:233,2
DA:234,2
DA:236,2
DA:237,2
DA:238,1
DA:239,1
DA:243,2
DA:244,1
DA:247,2
LF:83
LH:79
BRDA:27,0,0,23
BRDA:27,0,1,2
BRDA:42,1,0,3
BRDA:42,1,1,7
BRDA:45,2,0,1
BRDA:45,2,1,1
BRDA:65,3,0,1
BRDA:69,4,0,13
BRDA:69,4,1,7
BRDA:72,5,0,2
BRDA:72,5,1,10
BRDA:83,6,0,20
BRDA:83,6,1,18
BRDA:95,7,0,1
BRDA:95,7,1,2
BRDA:106,8,0,3
BRDA:106,8,1,2
BRDA:118,9,0,2
BRDA:118,9,1,0
BRDA:129,10,0,2
BRDA:129,10,1,1
BRDA:145,11,0,3
BRDA:145,11,1,0
BRDA:148,12,0,1
BRDA:148,12,1,2
BRDA:158,13,0,1
BRDA:158,13,1,1
BRDA:158,14,0,2
BRDA:158,14,1,1
BRDA:172,15,0,1
BRDA:172,15,1,0
BRDA:184,16,0,1
BRDA:184,16,1,0
BRDA:193,17,0,2
BRDA:193,17,1,7
BRDA:198,18,0,1
BRDA:198,18,1,6
BRDA:225,19,0,5
BRDA:225,19,1,3
BRDA:237,20,0,1
BRDA:237,20,1,1
BRDA:243,21,0,1
BRDA:243,21,1,1
BRDA:26,22,0,1
BRDA:26,22,1,0
BRDA:26,23,0,1
BRDA:26,23,1,1
BRF:47
BRH:42
end_of_record
TN:
SF:src/rag/services/parallel-executor.service.ts
FN:49,(anonymous_1)
FN:59,(anonymous_2)
FN:86,(anonymous_3)
FN:103,(anonymous_4)
FN:121,(anonymous_5)
FN:122,(anonymous_6)
FN:136,(anonymous_7)
FN:148,(anonymous_8)
FN:151,(anonymous_9)
FN:162,(anonymous_10)
FN:206,(anonymous_11)
FN:210,(anonymous_12)
FN:211,(anonymous_13)
FN:226,(anonymous_14)
FN:259,(anonymous_15)
FN:270,(anonymous_16)
FN:271,(anonymous_17)
FN:277,(anonymous_18)
FN:296,(anonymous_19)
FN:297,(anonymous_20)
FN:303,(anonymous_21)
FNF:21
FNH:21
FNDA:22,(anonymous_1)
FNDA:27,(anonymous_2)
FNDA:132,(anonymous_3)
FNDA:1323,(anonymous_4)
FNDA:132,(anonymous_5)
FNDA:132,(anonymous_6)
FNDA:3,(anonymous_7)
FNDA:5,(anonymous_8)
FNDA:5,(anonymous_9)
FNDA:137,(anonymous_10)
FNDA:137,(anonymous_11)
FNDA:137,(anonymous_12)
FNDA:3,(anonymous_13)
FNDA:3,(anonymous_14)
FNDA:26,(anonymous_15)
FNDA:7,(anonymous_16)
FNDA:7,(anonymous_17)
FNDA:2,(anonymous_18)
FNDA:3,(anonymous_19)
FNDA:3,(anonymous_20)
FNDA:3,(anonymous_21)
DA:3,1
DA:49,1
DA:50,22
DA:68,27
DA:70,27
DA:71,1
DA:74,26
DA:78,26
DA:79,26
DA:80,26
DA:82,26
DA:83,132
DA:86,132
DA:87,132
DA:90,132
DA:91,0
DA:97,132
DA:100,132
DA:101,63
DA:103,63
DA:105,1323
DA:107,63
DA:108,63
DA:112,132
DA:113,5
DA:118,26
DA:120,26
DA:121,132
DA:122,132
DA:124,26
DA:128,26
DA:140,3
DA:141,0
DA:144,3
DA:148,5
DA:149,3
DA:151,5
DA:152,3
DA:156,3
DA:166,137
DA:168,137
DA:170,137
DA:175,129
DA:177,129
DA:181,129
DA:188,8
DA:190,8
DA:194,8
DA:210,137
DA:211,137
DA:212,3
DA:231,3
DA:232,0
DA:235,3
DA:239,3
DA:241,3
DA:242,11
DA:243,11
DA:244,11
DA:246,11
DA:250,11
DA:251,11
DA:254,11
DA:255,2
DA:259,26
DA:260,3
DA:264,3
DA:271,7
DA:285,2
DA:286,1
DA:296,3
DA:297,3
DA:299,1
DA:303,3
LF:74
LH:71
BRDA:61,0,0,8
BRDA:64,1,0,20
BRDA:65,2,0,26
BRDA:66,3,0,27
BRDA:67,4,0,23
BRDA:70,5,0,1
BRDA:70,5,1,26
BRDA:90,6,0,0
BRDA:90,6,1,132
BRDA:90,7,0,132
BRDA:90,7,1,6
BRDA:100,8,0,63
BRDA:100,8,1,69
BRDA:112,9,0,5
BRDA:112,9,1,127
BRDA:112,10,0,132
BRDA:112,10,1,9
BRDA:138,11,0,2
BRDA:140,12,0,0
BRDA:140,12,1,3
BRDA:229,13,0,2
BRDA:231,14,0,0
BRDA:231,14,1,3
BRDA:254,15,0,2
BRDA:254,15,1,9
BRDA:254,16,0,11
BRDA:254,16,1,8
BRDA:285,17,0,1
BRDA:285,17,1,1
BRF:29
BRH:26
end_of_record
TN:
SF:src/rag/services/redis-cache.service.ts
FN:26,(anonymous_2)
FN:33,(anonymous_3)
FN:42,(anonymous_4)
FN:56,(anonymous_5)
FN:62,(anonymous_6)
FN:68,(anonymous_7)
FN:89,(anonymous_8)
FN:114,(anonymous_9)
FN:135,(anonymous_10)
FN:154,(anonymous_11)
FN:178,(anonymous_12)
FN:198,(anonymous_13)
FN:218,(anonymous_14)
FN:237,(anonymous_15)
FN:254,(anonymous_16)
FN:272,(anonymous_17)
FN:279,(anonymous_18)
FN:296,(anonymous_19)
FN:312,(anonymous_20)
FNF:19
FNH:17
FNDA:33,(anonymous_2)
FNDA:33,(anonymous_3)
FNDA:6,(anonymous_4)
FNDA:0,(anonymous_5)
FNDA:33,(anonymous_6)
FNDA:0,(anonymous_7)
FNDA:4,(anonymous_8)
FNDA:4,(anonymous_9)
FNDA:2,(anonymous_10)
FNDA:2,(anonymous_11)
FNDA:2,(anonymous_12)
FNDA:2,(anonymous_13)
FNDA:2,(anonymous_14)
FNDA:1,(anonymous_15)
FNDA:1,(anonymous_16)
FNDA:3,(anonymous_17)
FNDA:3,(anonymous_18)
FNDA:2,(anonymous_19)
FNDA:1,(anonymous_20)
DA:3,2
DA:4,2
DA:21,2
DA:22,33
DA:23,33
DA:24,33
DA:27,33
DA:34,33
DA:35,33
DA:36,33
DA:38,33
DA:43,6
DA:44,1
DA:45,1
DA:48,5
DA:49,5
DA:50,5
DA:56,33
DA:57,0
DA:58,0
DA:62,33
DA:63,33
DA:64,33
DA:68,33
DA:69,0
DA:70,0
DA:74,33
DA:76,0
DA:77,0
DA:78,0
DA:79,0
DA:90,4
DA:91,1
DA:94,3
DA:95,3
DA:96,3
DA:97,1
DA:100,2
DA:102,1
DA:103,1
DA:115,4
DA:116,1
DA:117,1
DA:120,3
DA:121,3
DA:122,3
DA:123,2
DA:125,1
DA:126,1
DA:136,2
DA:137,1
DA:140,1
DA:141,1
DA:142,1
DA:144,0
DA:145,0
DA:155,2
DA:156,0
DA:159,2
DA:160,2
DA:161,2
DA:162,1
DA:165,1
DA:166,1
DA:168,0
DA:169,0
DA:179,2
DA:180,0
DA:183,2
DA:184,2
DA:185,2
DA:187,0
DA:188,0
DA:199,2
DA:200,0
DA:203,2
DA:204,2
DA:206,0
DA:207,0
DA:219,2
DA:220,0
DA:223,2
DA:224,2
DA:226,0
DA:227,0
DA:238,1
DA:239,0
DA:242,1
DA:243,1
DA:244,1
DA:246,0
DA:247,0
DA:255,1
DA:256,0
DA:259,1
DA:260,1
DA:261,1
DA:262,1
DA:264,0
DA:265,0
DA:273,3
DA:280,3
DA:281,1
DA:284,2
DA:285,2
DA:286,2
DA:288,0
DA:289,0
DA:297,2
DA:298,1
DA:301,1
DA:302,1
DA:304,0
DA:305,0
DA:313,1
DA:314,1
DA:315,1
DA:316,1
DA:318,0
LF:119
LH:86
BRDA:35,0,0,33
BRDA:35,0,1,33
BRDA:43,1,0,1
BRDA:43,1,1,5
BRDA:90,2,0,1
BRDA:90,2,1,3
BRDA:90,3,0,4
BRDA:90,3,1,3
BRDA:96,4,0,1
BRDA:96,4,1,2
BRDA:114,5,0,3
BRDA:115,6,0,1
BRDA:115,6,1,3
BRDA:115,7,0,4
BRDA:115,7,1,3
BRDA:136,8,0,1
BRDA:136,8,1,1
BRDA:136,9,0,2
BRDA:136,9,1,1
BRDA:155,10,0,0
BRDA:155,10,1,2
BRDA:155,11,0,2
BRDA:155,11,1,2
BRDA:161,12,0,1
BRDA:161,12,1,1
BRDA:179,13,0,0
BRDA:179,13,1,2
BRDA:179,14,0,2
BRDA:179,14,1,2
BRDA:199,15,0,0
BRDA:199,15,1,2
BRDA:199,16,0,2
BRDA:199,16,1,2
BRDA:218,17,0,1
BRDA:219,18,0,0
BRDA:219,18,1,2
BRDA:219,19,0,2
BRDA:219,19,1,2
BRDA:238,20,0,0
BRDA:238,20,1,1
BRDA:238,21,0,1
BRDA:238,21,1,1
BRDA:255,22,0,0
BRDA:255,22,1,1
BRDA:255,23,0,1
BRDA:255,23,1,1
BRDA:273,24,0,3
BRDA:273,24,1,2
BRDA:280,25,0,1
BRDA:280,25,1,2
BRDA:280,26,0,3
BRDA:280,26,1,2
BRDA:297,27,0,1
BRDA:297,27,1,1
BRDA:297,28,0,2
BRDA:297,28,1,1
BRDA:313,29,0,1
BRDA:313,29,1,0
BRF:58
BRH:51
end_of_record
TN:
SF:src/rag/services/retry-helper.service.ts
FN:66,(anonymous_1)
FN:98,(anonymous_2)
FN:178,(anonymous_3)
FN:189,(anonymous_4)
FN:200,(anonymous_5)
FN:216,(anonymous_6)
FN:224,(anonymous_7)
FN:225,(anonymous_8)
FN:231,(anonymous_9)
FN:232,(anonymous_10)
FN:238,(anonymous_11)
FN:266,(anonymous_12)
FNF:12
FNH:12
FNDA:21,(anonymous_1)
FNDA:22,(anonymous_2)
FNDA:34,(anonymous_3)
FNDA:200,(anonymous_4)
FNDA:27,(anonymous_5)
FNDA:23,(anonymous_6)
FNDA:23,(anonymous_7)
FNDA:23,(anonymous_8)
FNDA:1,(anonymous_9)
FNDA:1,(anonymous_10)
FNDA:4,(anonymous_11)
FNDA:3,(anonymous_12)
DA:3,1
DA:66,1
DA:67,21
DA:72,21
DA:102,22
DA:103,22
DA:104,22
DA:107,22
DA:108,45
DA:110,45
DA:111,45
DA:112,7
DA:115,45
DA:117,11
DA:119,11
DA:120,7
DA:125,11
DA:132,34
DA:135,34
DA:137,34
DA:138,11
DA:139,1
DA:144,11
DA:153,23
DA:155,23
DA:156,7
DA:162,23
DA:167,0
DA:180,34
DA:181,7
DA:184,27
DA:185,27
DA:188,27
DA:189,27
DA:190,200
DA:193,27
DA:194,3
DA:199,24
DA:200,8
DA:201,27
DA:204,8
DA:208,16
DA:217,23
DA:218,23
DA:225,23
DA:232,1
DA:242,4
DA:270,3
LF:48
LH:47
BRDA:111,0,0,7
BRDA:111,0,1,38
BRDA:111,1,0,45
BRDA:111,1,1,16
BRDA:119,2,0,7
BRDA:119,2,1,4
BRDA:119,3,0,11
BRDA:119,3,1,8
BRDA:137,4,0,11
BRDA:137,4,1,23
BRDA:138,5,0,1
BRDA:138,5,1,10
BRDA:155,6,0,7
BRDA:155,6,1,16
BRDA:180,7,0,7
BRDA:180,7,1,27
BRDA:188,8,0,27
BRDA:188,8,1,0
BRDA:190,9,0,200
BRDA:190,9,1,200
BRDA:193,10,0,3
BRDA:193,10,1,24
BRDA:199,11,0,8
BRDA:199,11,1,16
BRDA:201,12,0,27
BRDA:201,12,1,27
BRF:26
BRH:25
end_of_record
